0001_0105_0024_0160_0160.jpg 1 105 24 160 160
0002_0056_0056_0138_0138.jpg 1 56 56 138 138
0003_0229_0168_0178_0178.jpg 1 229 168 178 178
0004_0110_0038_0271_0271.jpg 1 110 38 271 271
0005_0116_0019_0147_0147.jpg 1 116 19 147 147
0006_0142_0087_0027_0027.jpg 1 142 87 27 27
0007_0473_0254_0036_0036.jpg 1 473 254 36 36
0008_0107_0056_0160_0160.jpg 1 107 56 160 160
0009_0202_0141_0074_0074.jpg 1 202 141 74 74
0010_0040_0053_0128_0128.jpg 1 40 53 128 128
0011_0134_0179_0052_0052.jpg 1 134 179 52 52
0012_0232_0142_0024_0024.jpg 1 232 142 24 24
0013_0086_0167_0189_0189.jpg 1 86 167 189 189
0014_0196_0234_0164_0164.jpg 1 196 234 164 164
0015_0122_0299_0138_0138.jpg 1 122 299 138 138
0016_0481_0241_0039_0039.jpg 1 481 241 39 39
0017_0143_0067_0107_0107.jpg 1 143 67 107 107
0018_0066_0198_0043_0043.jpg 1 66 198 43 43
0019_0065_0031_0154_0154.jpg 1 65 31 154 154
0020_0020_0036_0111_0111.jpg 1 20 36 111 111
0021_0075_0058_0028_0028.jpg 1 75 58 28 28
0022_0283_0088_0273_0273.jpg 1 283 88 273 273
0023_0188_0111_0214_0214.jpg 1 188 111 214 214
0024_0027_0019_0083_0083.jpg 1 27 19 83 83
0025_0277_0147_0093_0093.jpg 1 277 147 93 93
0026_0031_0052_0051_0051.jpg 1 31 52 51 51
0027_0042_0054_0109_0109.jpg 1 42 54 109 109
0028_0191_0021_0104_0104.jpg 1 191 21 104 104
0029_0184_0421_0100_0100.jpg 1 184 421 100 100
0030_0219_0134_0184_0184.jpg 1 219 134 184 184
0031_0149_0104_0272_0272.jpg 1 149 104 272 272
0032_0441_0107_0098_0098.jpg 1 441 107 98 98
0033_0070_0238_0240_0240.jpg 1 70 238 240 240
0034_0254_0050_0320_0320.jpg 1 254 50 320 320
0035_0093_0055_0121_0121.jpg 1 93 55 121 121
0036_0368_0327_0051_0051.jpg 1 368 327 51 51
0037_0086_0075_0326_0326.jpg 1 86 75 326 326
0038_0025_0062_0149_0149.jpg 1 25 62 149 149
0039_0047_0137_0180_0180.jpg 1 47 137 180 180
0040_0232_0511_0027_0027.jpg 1 232 511 27 27
0041_0296_0237_0109_0109.jpg 1 296 237 109 109
0042_0088_0141_0136_0136.jpg 1 88 141 136 136
0043_0316_0168_0248_0248.jpg 1 316 168 248 248
0044_0346_0150_0139_0139.jpg 1 346 150 139 139
0045_0261_0284_0146_0146.jpg 1 261 284 146 146
0046_0021_0046_0148_0148.jpg 1 21 46 148 148
0047_0072_0024_0099_0099.jpg 1 72 24 99 99
0048_0198_0061_0299_0299.jpg 1 198 61 299 299
0049_0033_0064_0110_0110.jpg 1 33 64 110 110
0050_0084_0027_0133_0133.jpg 1 84 27 133 133
0051_0058_0030_0122_0122.jpg 1 58 30 122 122
0052_0039_0279_0119_0119.jpg 1 39 279 119 119
0053_0345_0155_0150_0150.jpg 1 345 155 150 150
0054_0057_0065_0067_0067.jpg 1 57 65 67 67
0055_0290_0076_0285_0285.jpg 1 290 76 285 285
0056_0362_0029_0189_0189.jpg 1 362 29 189 189
0057_0035_0028_0052_0052.jpg 1 35 28 52 52
0058_0306_0160_0256_0256.jpg 1 306 160 256 256
0059_0042_0043_0056_0056.jpg 1 42 43 56 56
0060_0055_0138_0080_0080.jpg 1 55 138 80 80
0061_0046_0101_0047_0047.jpg 1 46 101 47 47
0062_0390_0084_0034_0034.jpg 1 390 84 34 34
0063_0096_0041_0131_0131.jpg 1 96 41 131 131
0064_0035_0056_0321_0321.jpg 1 35 56 321 321
0065_0041_0206_0075_0075.jpg 1 41 206 75 75
0066_0162_0011_0133_0133.jpg 1 162 11 133 133
0067_0341_0171_0171_0171.jpg 1 341 171 171 171
0068_0091_0120_0076_0076.jpg 1 91 120 76 76
0069_0079_0089_0077_0077.jpg 1 79 89 77 77
0070_0328_0313_0033_0033.jpg 1 328 313 33 33
0071_0229_0403_0128_0128.jpg 1 229 403 128 128
0072_0075_0326_0267_0267.jpg 1 75 326 267 267
0073_0067_0039_0132_0132.jpg 1 67 39 132 132
0074_0188_0221_0222_0222.jpg 1 188 221 222 222
0075_0446_0332_0067_0067.jpg 1 446 332 67 67
0076_0148_0020_0155_0155.jpg 1 148 20 155 155
0077_0058_0149_0104_0104.jpg 1 58 149 104 104
0078_0043_0058_0293_0293.jpg 1 43 58 293 293
0079_0277_0130_0331_0331.jpg 1 277 130 331 331
0080_0154_0273_0293_0293.jpg 1 154 273 293 293
0081_0040_0043_0165_0165.jpg 1 40 43 165 165
0082_0193_0081_0238_0238.jpg 1 193 81 238 238
0083_0133_0115_0186_0186.jpg 1 133 115 186 186
0084_0152_0095_0083_0083.jpg 1 152 95 83 83
0085_0237_0155_0250_0250.jpg 1 237 155 250 250
0086_0106_0197_0226_0226.jpg 1 106 197 226 226
0087_0168_0113_0306_0306.jpg 1 168 113 306 306
0088_0038_0062_0102_0102.jpg 1 38 62 102 102
0089_0204_0289_0151_0151.jpg 1 204 289 151 151
0090_0183_0383_0053_0053.jpg 1 183 383 53 53
0091_0124_0081_0320_0320.jpg 1 124 81 320 320
0092_0069_0017_0076_0076.jpg 1 69 17 76 76
0093_0099_0051_0162_0162.jpg 1 99 51 162 162
0094_0299_0284_0031_0031.jpg 1 299 284 31 31
0095_0045_0044_0034_0034.jpg 1 45 44 34 34
0096_0219_0140_0029_0029.jpg 1 219 140 29 29
0097_0129_0137_0076_0076.jpg 1 129 137 76 76
0098_0067_0036_0053_0053.jpg 1 67 36 53 53
0099_0081_0101_0092_0092.jpg 1 81 101 92 92
0100_0341_0291_0090_0090.jpg 1 341 291 90 90
0101_0258_0273_0050_0050.jpg 1 258 273 50 50
0102_0302_0091_0125_0125.jpg 1 302 91 125 125
0103_0175_0035_0060_0060.jpg 1 175 35 60 60
0104_0102_0278_0161_0161.jpg 1 102 278 161 161
0105_0056_0118_0257_0257.jpg 1 56 118 257 257
0106_0171_0304_0127_0127.jpg 1 171 304 127 127
0107_0311_0167_0174_0174.jpg 1 311 167 174 174
0108_0072_0129_0050_0050.jpg 1 72 129 50 50
0109_0110_0096_0055_0055.jpg 1 110 96 55 55
0110_0152_0243_0201_0201.jpg 1 152 243 201 201
0111_0153_0024_0102_0102.jpg 1 153 24 102 102
0112_0036_0073_0033_0033.jpg 1 36 73 33 33
0113_0215_0095_0030_0030.jpg 1 215 95 30 30
0114_0046_0063_0208_0208.jpg 1 46 63 208 208
0115_0063_0117_0239_0239.jpg 1 63 117 239 239
0116_0102_0073_0321_0321.jpg 1 102 73 321 321
0117_0161_0192_0163_0163.jpg 1 161 192 163 163
0118_0090_0027_0091_0091.jpg 1 90 27 91 91
0119_0165_0242_0045_0045.jpg 1 165 242 45 45
0120_0082_0039_0162_0162.jpg 1 82 39 162 162
0121_0050_0142_0076_0076.jpg 1 50 142 76 76
0122_0052_0117_0056_0056.jpg 1 52 117 56 56
0123_0126_0382_0070_0070.jpg 1 126 382 70 70
0124_0178_0071_0207_0207.jpg 1 178 71 207 207
0125_0319_0198_0057_0057.jpg 1 319 198 57 57
0126_0034_0061_0072_0072.jpg 1 34 61 72 72
0127_0180_0031_0114_0114.jpg 1 180 31 114 114
0128_0228_0055_0056_0056.jpg 1 228 55 56 56
0129_0121_0071_0290_0290.jpg 1 121 71 290 290
0130_0177_0097_0260_0260.jpg 1 177 97 260 260
0131_0212_0031_0075_0075.jpg 1 212 31 75 75
0132_0042_0184_0240_0240.jpg 1 42 184 240 240
0133_0020_0009_0136_0136.jpg 1 20 9 136 136
0134_0117_0104_0119_0119.jpg 1 117 104 119 119
0135_0101_0053_0229_0229.jpg 1 101 53 229 229
0136_0031_0127_0190_0190.jpg 1 31 127 190 190
0137_0238_0045_0033_0033.jpg 1 238 45 33 33
0138_0193_0187_0238_0238.jpg 1 193 187 238 238
0139_0193_0041_0258_0258.jpg 1 193 41 258 258
0140_0117_0126_0281_0281.jpg 1 117 126 281 281
0141_0090_0143_0288_0288.jpg 1 90 143 288 288
0142_0065_0086_0051_0051.jpg 1 65 86 51 51
0143_0066_0052_0329_0329.jpg 1 66 52 329 329
0144_0113_0205_0223_0223.jpg 1 113 205 223 223
0145_0088_0083_0104_0104.jpg 1 88 83 104 104
0146_0144_0054_0308_0308.jpg 1 144 54 308 308
0147_0210_0056_0216_0216.jpg 1 210 56 216 216
0148_0259_0080_0246_0246.jpg 1 259 80 246 246
0149_0246_0016_0329_0329.jpg 1 246 16 329 329
0150_0060_0181_0162_0162.jpg 1 60 181 162 162
0151_0053_0241_0168_0168.jpg 1 53 241 168 168
0152_0080_0078_0142_0142.jpg 1 80 78 142 142
0153_0068_0102_0060_0060.jpg 1 68 102 60 60
0154_0302_0150_0292_0292.jpg 1 302 150 292 292
0155_0080_0095_0028_0028.jpg 1 80 95 28 28
0156_0501_0164_0068_0068.jpg 1 501 164 68 68
0157_0440_0047_0053_0053.jpg 1 440 47 53 53
0158_0110_0132_0048_0048.jpg 1 110 132 48 48
0159_0009_0095_0030_0030.jpg 1 9 95 30 30
0160_0324_0197_0230_0230.jpg 1 324 197 230 230
0161_0426_0094_0130_0130.jpg 1 426 94 130 130
0162_0362_0038_0190_0190.jpg 1 362 38 190 190
0163_0148_0150_0192_0192.jpg 1 148 150 192 192
0164_0048_0073_0104_0104.jpg 1 48 73 104 104
0165_0278_0089_0295_0295.jpg 1 278 89 295 295
0166_0121_0084_0098_0098.jpg 1 121 84 98 98
0167_0064_0041_0126_0126.jpg 1 64 41 126 126
0168_0295_0059_0229_0229.jpg 1 295 59 229 229
0169_0295_0409_0070_0070.jpg 1 295 409 70 70
0170_0219_0137_0267_0267.jpg 1 219 137 267 267
0171_0157_0137_0162_0162.jpg 1 157 137 162 162
0172_0120_0065_0122_0122.jpg 1 120 65 122 122
0173_0285_0125_0174_0174.jpg 1 285 125 174 174
0174_0017_0064_0078_0078.jpg 1 17 64 78 78
0175_0046_0262_0153_0153.jpg 1 46 262 153 153
0176_0083_0194_0175_0175.jpg 1 83 194 175 175
0177_0142_0134_0317_0317.jpg 1 142 134 317 317
0178_0061_0122_0329_0329.jpg 1 61 122 329 329
0179_0332_0056_0194_0194.jpg 1 332 56 194 194
0180_0097_0284_0180_0180.jpg 1 97 284 180 180
0181_0053_0051_0058_0058.jpg 1 53 51 58 58
0182_0048_0116_0096_0096.jpg 1 48 116 96 96
0183_0157_0086_0193_0193.jpg 1 157 86 193 193
0184_0067_0175_0191_0191.jpg 1 67 175 191 191
0185_0038_0182_0269_0269.jpg 1 38 182 269 269
0186_0030_0048_0109_0109.jpg 1 30 48 109 109
0187_0087_0112_0076_0076.jpg 1 87 112 76 76
0188_0130_0052_0092_0092.jpg 1 130 52 92 92
0189_0199_0048_0156_0156.jpg 1 199 48 156 156
0190_0233_0040_0301_0301.jpg 1 233 40 301 301
0191_0064_0127_0074_0074.jpg 1 64 127 74 74
0192_0069_0118_0332_0332.jpg 1 69 118 332 332
0193_0258_0143_0298_0298.jpg 1 258 143 298 298
0194_0045_0038_0071_0071.jpg 1 45 38 71 71
0195_0222_0097_0072_0072.jpg 1 222 97 72 72
0196_0375_0157_0213_0213.jpg 1 375 157 213 213
0197_0238_0079_0246_0246.jpg 1 238 79 246 246
0198_0358_0356_0065_0065.jpg 1 358 356 65 65
0199_0090_0100_0067_0067.jpg 1 90 100 67 67
0200_0132_0104_0027_0027.jpg 1 132 104 27 27
0201_0079_0101_0079_0079.jpg 1 79 101 79 79
0202_0099_0114_0279_0279.jpg 1 99 114 279 279
0203_0337_0279_0062_0062.jpg 1 337 279 62 62
0204_0017_0103_0045_0045.jpg 1 17 103 45 45
0205_0303_0176_0281_0281.jpg 1 303 176 281 281
0206_0334_0217_0237_0237.jpg 1 334 217 237 237
0207_0055_0174_0147_0147.jpg 1 55 174 147 147
0208_0202_0112_0098_0098.jpg 1 202 112 98 98
0209_0162_0054_0121_0121.jpg 1 162 54 121 121
0210_0062_0051_0100_0100.jpg 1 62 51 100 100
0211_0269_0266_0082_0082.jpg 1 269 266 82 82
0212_0154_0059_0131_0131.jpg 1 154 59 131 131
0213_0164_0218_0235_0235.jpg 1 164 218 235 235
0214_0099_0038_0158_0158.jpg 1 99 38 158 158
0215_0088_0166_0048_0048.jpg 1 88 166 48 48
0216_0028_0087_0134_0134.jpg 1 28 87 134 134
0217_0087_0023_0231_0231.jpg 1 87 23 231 231
0218_0105_0033_0092_0092.jpg 1 105 33 92 92
0219_0243_0209_0139_0139.jpg 1 243 209 139 139
0220_0019_0079_0075_0075.jpg 1 19 79 75 75
0221_0043_0034_0122_0122.jpg 1 43 34 122 122
0222_0054_0025_0283_0283.jpg 1 54 25 283 283
0223_0095_0035_0105_0105.jpg 1 95 35 105 105
0224_0230_0080_0114_0114.jpg 1 230 80 114 114
0225_0195_0099_0048_0048.jpg 1 195 99 48 48
0226_0134_0100_0038_0038.jpg 1 134 100 38 38
0227_0153_0122_0130_0130.jpg 1 153 122 130 130
0228_0091_0084_0226_0226.jpg 1 91 84 226 226
0229_0091_0042_0167_0167.jpg 1 91 42 167 167
0230_0245_0084_0299_0299.jpg 1 245 84 299 299
0231_0184_0101_0330_0330.jpg 1 184 101 330 330
0232_0176_0142_0260_0260.jpg 1 176 142 260 260
0233_0253_0134_0289_0289.jpg 1 253 134 289 289
0234_0066_0090_0101_0101.jpg 1 66 90 101 101
0235_0061_0077_0100_0100.jpg 1 61 77 100 100
0236_0157_0274_0232_0232.jpg 1 157 274 232 232
0237_0258_0036_0242_0242.jpg 1 258 36 242 242
0238_0079_0085_0139_0139.jpg 1 79 85 139 139
0239_0312_0117_0292_0292.jpg 1 312 117 292 292
0240_0425_0183_0127_0127.jpg 1 425 183 127 127
0241_0018_0034_0066_0066.jpg 1 18 34 66 66
0242_0198_0208_0060_0060.jpg 1 198 208 60 60
0243_0273_0161_0192_0192.jpg 1 273 161 192 192
0244_0039_0011_0100_0100.jpg 1 39 11 100 100
0245_0082_0089_0090_0090.jpg 1 82 89 90 90
0246_0109_0180_0208_0208.jpg 1 109 180 208 208
0247_0205_0254_0024_0024.jpg 1 205 254 24 24
0248_0173_0304_0031_0031.jpg 1 173 304 31 31
0249_0163_0202_0151_0151.jpg 1 163 202 151 151
0250_0129_0102_0093_0093.jpg 1 129 102 93 93
0251_0041_0010_0105_0105.jpg 1 41 10 105 105
0252_0132_0061_0104_0104.jpg 1 132 61 104 104
0253_0232_0106_0195_0195.jpg 1 232 106 195 195
0254_0392_0167_0101_0101.jpg 1 392 167 101 101
0255_0265_0141_0233_0233.jpg 1 265 141 233 233
0256_0266_0037_0236_0236.jpg 1 266 37 236 236
0257_0097_0127_0076_0076.jpg 1 97 127 76 76
0258_0108_0018_0147_0147.jpg 1 108 18 147 147
0259_0103_0035_0157_0157.jpg 1 103 35 157 157
0260_0078_0047_0143_0143.jpg 1 78 47 143 143
0261_0129_0148_0073_0073.jpg 1 129 148 73 73
0262_0341_0053_0136_0136.jpg 1 341 53 136 136
0263_0082_0127_0078_0078.jpg 1 82 127 78 78
0264_0299_0110_0053_0053.jpg 1 299 110 53 53
0265_0044_0119_0056_0056.jpg 1 44 119 56 56
0266_0246_0174_0131_0131.jpg 1 246 174 131 131
0267_0047_0057_0064_0064.jpg 1 47 57 64 64
0268_0128_0126_0276_0276.jpg 1 128 126 276 276
0269_0407_0329_0093_0093.jpg 1 407 329 93 93
0270_0067_0140_0152_0152.jpg 1 67 140 152 152
0271_0139_0329_0213_0213.jpg 1 139 329 213 213
0272_0035_0040_0073_0073.jpg 1 35 40 73 73
0273_0424_0302_0084_0084.jpg 1 424 302 84 84
0274_0102_0185_0196_0196.jpg 1 102 185 196 196
0275_0236_0279_0120_0120.jpg 1 236 279 120 120
0276_0102_0037_0166_0166.jpg 1 102 37 166 166
0277_0126_0218_0133_0133.jpg 1 126 218 133 133
0278_0153_0055_0070_0070.jpg 1 153 55 70 70
0279_0090_0095_0103_0103.jpg 1 90 95 103 103
0280_0362_0275_0157_0157.jpg 1 362 275 157 157
0281_0085_0102_0273_0273.jpg 1 85 102 273 273
0282_0054_0031_0053_0053.jpg 1 54 31 53 53
0283_0146_0076_0121_0121.jpg 1 146 76 121 121
0284_0050_0065_0064_0064.jpg 1 50 65 64 64
0285_0407_0082_0185_0185.jpg 1 407 82 185 185
0286_0271_0302_0160_0160.jpg 1 271 302 160 160
0287_0056_0100_0086_0086.jpg 1 56 100 86 86
0288_0027_0109_0078_0078.jpg 1 27 109 78 78
0289_0114_0046_0226_0226.jpg 1 114 46 226 226
0290_0181_0112_0049_0049.jpg 1 181 112 49 49
0291_0083_0078_0070_0070.jpg 1 83 78 70 70
0292_0099_0150_0050_0050.jpg 1 99 150 50 50
0293_0256_0268_0024_0024.jpg 1 256 268 24 24
0294_0304_0050_0067_0067.jpg 1 304 50 67 67
0295_0019_0025_0132_0132.jpg 1 19 25 132 132
0296_0073_0073_0302_0302.jpg 1 73 73 302 302
0297_0025_0040_0113_0113.jpg 1 25 40 113 113
0298_0388_0263_0027_0027.jpg 1 388 263 27 27
0299_0350_0350_0090_0090.jpg 1 350 350 90 90
0300_0018_0055_0160_0160.jpg 1 18 55 160 160
0301_0267_0199_0118_0118.jpg 1 267 199 118 118
0302_0082_0072_0073_0073.jpg 1 82 72 73 73
0303_0155_0521_0056_0056.jpg 1 155 521 56 56
0304_0267_0216_0172_0172.jpg 1 267 216 172 172
0305_0144_0102_0086_0086.jpg 1 144 102 86 86
0306_0184_0121_0328_0328.jpg 1 184 121 328 328
0307_0044_0065_0057_0057.jpg 1 44 65 57 57
0308_0068_0125_0327_0327.jpg 1 68 125 327 327
0309_0057_0142_0068_0068.jpg 1 57 142 68 68
0310_0044_0092_0107_0107.jpg 1 44 92 107 107
0311_0270_0229_0118_0118.jpg 1 270 229 118 118
0312_0144_0119_0127_0127.jpg 1 144 119 127 127
0313_0230_0057_0136_0136.jpg 1 230 57 136 136
0314_0297_0147_0065_0065.jpg 1 297 147 65 65
0315_0073_0089_0111_0111.jpg 1 73 89 111 111
0316_0428_0303_0029_0029.jpg 1 428 303 29 29
0317_0223_0161_0248_0248.jpg 1 223 161 248 248
0318_0132_0255_0180_0180.jpg 1 132 255 180 180
0319_0312_0241_0079_0079.jpg 1 312 241 79 79
0320_0422_0135_0111_0111.jpg 1 422 135 111 111
0321_0069_0112_0068_0068.jpg 1 69 112 68 68
0322_0253_0281_0118_0118.jpg 1 253 281 118 118
0323_0196_0333_0152_0152.jpg 1 196 333 152 152
0324_0098_0180_0116_0116.jpg 1 98 180 116 116
0325_0164_0186_0218_0218.jpg 1 164 186 218 218
0326_0513_0205_0033_0033.jpg 1 513 205 33 33
0327_0094_0022_0068_0068.jpg 1 94 22 68 68
0328_0227_0073_0029_0029.jpg 1 227 73 29 29
0329_0098_0144_0049_0049.jpg 1 98 144 49 49
0330_0115_0126_0241_0241.jpg 1 115 126 241 241
0331_0245_0068_0215_0215.jpg 1 245 68 215 215
0332_0167_0331_0186_0186.jpg 1 167 331 186 186
0333_0043_0014_0148_0148.jpg 1 43 14 148 148
0334_0124_0077_0054_0054.jpg 1 124 77 54 54
0335_0124_0161_0169_0169.jpg 1 124 161 169 169
0336_0094_0082_0072_0072.jpg 1 94 82 72 72
0337_0164_0060_0067_0067.jpg 1 164 60 67 67
0338_0283_0025_0211_0211.jpg 1 283 25 211 211
0339_0077_0044_0131_0131.jpg 1 77 44 131 131
0340_0161_0342_0030_0030.jpg 1 161 342 30 30
0341_0136_0075_0080_0080.jpg 1 136 75 80 80
0342_0086_0052_0025_0025.jpg 1 86 52 25 25
0343_0198_0037_0088_0088.jpg 1 198 37 88 88
0344_0195_0106_0227_0227.jpg 1 195 106 227 227
0345_0082_0013_0153_0153.jpg 1 82 13 153 153
0346_0025_0078_0125_0125.jpg 1 25 78 125 125
0347_0041_0012_0125_0125.jpg 1 41 12 125 125
0348_0137_0076_0109_0109.jpg 1 137 76 109 109
0349_0284_0319_0097_0097.jpg 1 284 319 97 97
0350_0303_0121_0248_0248.jpg 1 303 121 248 248
0351_0254_0072_0227_0227.jpg 1 254 72 227 227
0352_0100_0114_0037_0037.jpg 1 100 114 37 37
0353_0120_0082_0091_0091.jpg 1 120 82 91 91
0354_0072_0077_0148_0148.jpg 1 72 77 148 148
0355_0226_0051_0168_0168.jpg 1 226 51 168 168
0356_0124_0072_0242_0242.jpg 1 124 72 242 242
0357_0269_0130_0258_0258.jpg 1 269 130 258 258
0358_0348_0093_0249_0249.jpg 1 348 93 249 249
0359_0202_0182_0193_0193.jpg 1 202 182 193 193
0360_0060_0101_0323_0323.jpg 1 60 101 323 323
0361_0490_0207_0048_0048.jpg 1 490 207 48 48
0362_0079_0086_0080_0080.jpg 1 79 86 80 80
0363_0170_0161_0057_0057.jpg 1 170 161 57 57
0364_0105_0151_0269_0269.jpg 1 105 151 269 269
0365_0257_0279_0112_0112.jpg 1 257 279 112 112
0366_0125_0045_0245_0245.jpg 1 125 45 245 245
0367_0121_0388_0066_0066.jpg 1 121 388 66 66
0368_0030_0027_0109_0109.jpg 1 30 27 109 109
0369_0313_0061_0074_0074.jpg 1 313 61 74 74
0370_0258_0174_0170_0170.jpg 1 258 174 170 170
0371_0152_0094_0104_0104.jpg 1 152 94 104 104
0372_0162_0016_0124_0124.jpg 1 162 16 124 124
0373_0137_0036_0146_0146.jpg 1 137 36 146 146
0374_0227_0102_0175_0175.jpg 1 227 102 175 175
0375_0140_0058_0056_0056.jpg 1 140 58 56 56
0376_0059_0329_0106_0106.jpg 1 59 329 106 106
0377_0067_0061_0092_0092.jpg 1 67 61 92 92
0378_0400_0054_0104_0104.jpg 1 400 54 104 104
0379_0363_0284_0130_0130.jpg 1 363 284 130 130
0380_0066_0282_0042_0042.jpg 1 66 282 42 42
0381_0077_0035_0333_0333.jpg 1 77 35 333 333
0382_0260_0100_0330_0330.jpg 1 260 100 330 330
0383_0027_0041_0155_0155.jpg 1 27 41 155 155
0384_0255_0044_0057_0057.jpg 1 255 44 57 57
0385_0252_0167_0247_0247.jpg 1 252 167 247 247
0386_0114_0107_0060_0060.jpg 1 114 107 60 60
0387_0398_0098_0142_0142.jpg 1 398 98 142 142
0388_0145_0046_0074_0074.jpg 1 145 46 74 74
0389_0152_0198_0094_0094.jpg 1 152 198 94 94
0390_0072_0056_0088_0088.jpg 1 72 56 88 88
0391_0076_0067_0122_0122.jpg 1 76 67 122 122
0392_0350_0122_0249_0249.jpg 1 350 122 249 249
0393_0300_0251_0142_0142.jpg 1 300 251 142 142
0394_0114_0092_0132_0132.jpg 1 114 92 132 132
0395_0060_0028_0134_0134.jpg 1 60 28 134 134
0396_0024_0043_0111_0111.jpg 1 24 43 111 111
0397_0088_0256_0040_0040.jpg 1 88 256 40 40
0398_0286_0216_0139_0139.jpg 1 286 216 139 139
0399_0252_0084_0098_0098.jpg 1 252 84 98 98
0400_0126_0089_0083_0083.jpg 1 126 89 83 83
0401_0066_0073_0066_0066.jpg 1 66 73 66 66
0402_0049_0054_0154_0154.jpg 1 49 54 154 154
0403_0094_0127_0250_0250.jpg 1 94 127 250 250
0404_0135_0406_0173_0173.jpg 1 135 406 173 173
0405_0232_0065_0051_0051.jpg 1 232 65 51 51
0406_0107_0119_0065_0065.jpg 1 107 119 65 65
0407_0118_0019_0147_0147.jpg 1 118 19 147 147
0408_0103_0086_0066_0066.jpg 1 103 86 66 66
0409_0324_0070_0238_0238.jpg 1 324 70 238 238
0410_0193_0178_0272_0272.jpg 1 193 178 272 272
0411_0051_0197_0222_0222.jpg 1 51 197 222 222
0412_0012_0093_0101_0101.jpg 1 12 93 101 101
0413_0015_0043_0120_0120.jpg 1 15 43 120 120
0414_0171_0197_0233_0233.jpg 1 171 197 233 233
0415_0056_0033_0084_0084.jpg 1 56 33 84 84
0416_0055_0060_0099_0099.jpg 1 55 60 99 99
0417_0056_0020_0043_0043.jpg 1 56 20 43 43
0418_0085_0090_0109_0109.jpg 1 85 90 109 109
0419_0047_0080_0130_0130.jpg 1 47 80 130 130
0420_0048_0046_0116_0116.jpg 1 48 46 116 116
0421_0023_0099_0047_0047.jpg 1 23 99 47 47
0422_0067_0140_0041_0041.jpg 1 67 140 41 41
0423_0189_0183_0036_0036.jpg 1 189 183 36 36
0424_0055_0116_0049_0049.jpg 1 55 116 49 49
0425_0195_0102_0236_0236.jpg 1 195 102 236 236
0426_0145_0097_0056_0056.jpg 1 145 97 56 56
0427_0108_0150_0256_0256.jpg 1 108 150 256 256
0428_0108_0218_0295_0295.jpg 1 108 218 295 295
0429_0024_0030_0113_0113.jpg 1 24 30 113 113
0430_0490_0299_0088_0088.jpg 1 490 299 88 88
0431_0072_0050_0083_0083.jpg 1 72 50 83 83
0432_0043_0012_0142_0142.jpg 1 43 12 142 142
0433_0132_0129_0304_0304.jpg 1 132 129 304 304
0434_0074_0348_0061_0061.jpg 1 74 348 61 61
0435_0065_0065_0090_0090.jpg 1 65 65 90 90
0436_0162_0037_0077_0077.jpg 1 162 37 77 77
0437_0169_0120_0271_0271.jpg 1 169 120 271 271
0438_0154_0036_0121_0121.jpg 1 154 36 121 121
0439_0137_0137_0083_0083.jpg 1 137 137 83 83
0440_0326_0039_0208_0208.jpg 1 326 39 208 208
0441_0064_0093_0239_0239.jpg 1 64 93 239 239
0442_0205_0127_0311_0311.jpg 1 205 127 311 311
0443_0145_0063_0209_0209.jpg 1 145 63 209 209
0444_0086_0015_0138_0138.jpg 1 86 15 138 138
0445_0076_0037_0309_0309.jpg 1 76 37 309 309
0446_0308_0070_0143_0143.jpg 1 308 70 143 143
0447_0229_0114_0322_0322.jpg 1 229 114 322 322
0448_0144_0232_0122_0122.jpg 1 144 232 122 122
0449_0088_0224_0073_0073.jpg 1 88 224 73 73
0450_0186_0051_0105_0105.jpg 1 186 51 105 105
0451_0181_0088_0106_0106.jpg 1 181 88 106 106
0452_0094_0073_0143_0143.jpg 1 94 73 143 143
0453_0143_0087_0333_0333.jpg 1 143 87 333 333
0454_0150_0058_0143_0143.jpg 1 150 58 143 143
0455_0019_0051_0143_0143.jpg 1 19 51 143 143
0456_0074_0039_0112_0112.jpg 1 74 39 112 112
0457_0299_0065_0230_0230.jpg 1 299 65 230 230
0458_0174_0132_0076_0076.jpg 1 174 132 76 76
0459_0156_0129_0052_0052.jpg 1 156 129 52 52
0460_0071_0049_0041_0041.jpg 1 71 49 41 41
0461_0059_0128_0068_0068.jpg 1 59 128 68 68
0462_0056_0039_0024_0024.jpg 1 56 39 24 24
0463_0179_0352_0089_0089.jpg 1 179 352 89 89
0464_0048_0033_0308_0308.jpg 1 48 33 308 308
0465_0040_0041_0120_0120.jpg 1 40 41 120 120
0466_0365_0180_0125_0125.jpg 1 365 180 125 125
0467_0100_0136_0029_0029.jpg 1 100 136 29 29
0468_0119_0159_0055_0055.jpg 1 119 159 55 55
0469_0244_0075_0180_0180.jpg 1 244 75 180 180
0470_0072_0079_0125_0125.jpg 1 72 79 125 125
0471_0040_0041_0140_0140.jpg 1 40 41 140 140
0472_0092_0122_0047_0047.jpg 1 92 122 47 47
0473_0188_0068_0108_0108.jpg 1 188 68 108 108
0474_0436_0147_0104_0104.jpg 1 436 147 104 104
0475_0286_0188_0189_0189.jpg 1 286 188 189 189
0476_0297_0133_0050_0050.jpg 1 297 133 50 50
0477_0041_0069_0160_0160.jpg 1 41 69 160 160
0478_0039_0113_0079_0079.jpg 1 39 113 79 79
0479_0119_0052_0210_0210.jpg 1 119 52 210 210
0480_0343_0213_0177_0177.jpg 1 343 213 177 177
0481_0192_0033_0043_0043.jpg 1 192 33 43 43
0482_0128_0137_0282_0282.jpg 1 128 137 282 282
0483_0122_0018_0103_0103.jpg 1 122 18 103 103
0484_0376_0052_0159_0159.jpg 1 376 52 159 159
0485_0076_0377_0039_0039.jpg 1 76 377 39 39
0486_0122_0119_0319_0319.jpg 1 122 119 319 319
0487_0379_0189_0191_0191.jpg 1 379 189 191 191
0488_0042_0144_0049_0049.jpg 1 42 144 49 49
0489_0257_0239_0199_0199.jpg 1 257 239 199 199
0490_0062_0020_0106_0106.jpg 1 62 20 106 106
0491_0069_0096_0303_0303.jpg 1 69 96 303 303
0492_0290_0193_0096_0096.jpg 1 290 193 96 96
0493_0067_0055_0254_0254.jpg 1 67 55 254 254
0494_0149_0099_0303_0303.jpg 1 149 99 303 303
0495_0107_0061_0158_0158.jpg 1 107 61 158 158
0496_0106_0133_0285_0285.jpg 1 106 133 285 285
0497_0125_0077_0136_0136.jpg 1 125 77 136 136
0498_0266_0310_0098_0098.jpg 1 266 310 98 98
0499_0073_0024_0260_0260.jpg 1 73 24 260 260
0500_0086_0112_0278_0278.jpg 1 86 112 278 278
0501_0300_0172_0110_0110.jpg 1 300 172 110 110
0502_0073_0135_0072_0072.jpg 1 73 135 72 72
0503_0093_0331_0135_0135.jpg 1 93 331 135 135
0504_0055_0185_0206_0206.jpg 1 55 185 206 206
0505_0054_0045_0103_0103.jpg 1 54 45 103 103
0506_0248_0230_0172_0172.jpg 1 248 230 172 172
0507_0018_0081_0067_0067.jpg 1 18 81 67 67
0508_0070_0325_0062_0062.jpg 1 70 325 62 62
0509_0047_0030_0112_0112.jpg 1 47 30 112 112
0510_0082_0042_0161_0161.jpg 1 82 42 161 161
0511_0013_0051_0039_0039.jpg 1 13 51 39 39
0512_0067_0044_0091_0091.jpg 1 67 44 91 91
0513_0153_0071_0026_0026.jpg 1 153 71 26 26
0514_0185_0079_0248_0248.jpg 1 185 79 248 248
0515_0250_0076_0267_0267.jpg 1 250 76 267 267
0516_0083_0058_0123_0123.jpg 1 83 58 123 123
0517_0128_0207_0286_0286.jpg 1 128 207 286 286
0518_0099_0094_0033_0033.jpg 1 99 94 33 33
0519_0137_0280_0123_0123.jpg 1 137 280 123 123
0520_0375_0074_0205_0205.jpg 1 375 74 205 205
0521_0062_0359_0162_0162.jpg 1 62 359 162 162
0522_0351_0102_0133_0133.jpg 1 351 102 133 133
0523_0086_0051_0163_0163.jpg 1 86 51 163 163
0524_0050_0071_0147_0147.jpg 1 50 71 147 147
0525_0237_0045_0235_0235.jpg 1 237 45 235 235
0526_0035_0094_0053_0053.jpg 1 35 94 53 53
0527_0083_0058_0139_0139.jpg 1 83 58 139 139
0528_0041_0040_0114_0114.jpg 1 41 40 114 114
0529_0155_0085_0175_0175.jpg 1 155 85 175 175
0530_0317_0103_0125_0125.jpg 1 317 103 125 125
0531_0162_0167_0037_0037.jpg 1 162 167 37 37
0532_0135_0131_0159_0159.jpg 1 135 131 159 159
0533_0300_0154_0284_0284.jpg 1 300 154 284 284
0534_0150_0016_0121_0121.jpg 1 150 16 121 121
0535_0242_0185_0146_0146.jpg 1 242 185 146 146
0536_0041_0018_0088_0088.jpg 1 41 18 88 88
0537_0309_0218_0032_0032.jpg 1 309 218 32 32
0538_0067_0056_0034_0034.jpg 1 67 56 34 34
0539_0028_0185_0032_0032.jpg 1 28 185 32 32
0540_0212_0193_0088_0088.jpg 1 212 193 88 88
0541_0058_0035_0024_0024.jpg 1 58 35 24 24
0542_0042_0089_0107_0107.jpg 1 42 89 107 107
0543_0436_0134_0143_0143.jpg 1 436 134 143 143
0544_0173_0243_0182_0182.jpg 1 173 243 182 182
0545_0037_0136_0043_0043.jpg 1 37 136 43 43
0546_0128_0181_0258_0258.jpg 1 128 181 258 258
0547_0067_0032_0163_0163.jpg 1 67 32 163 163
0548_0277_0128_0224_0224.jpg 1 277 128 224 224
0549_0201_0159_0185_0185.jpg 1 201 159 185 185
0550_0141_0244_0264_0264.jpg 1 141 244 264 264
0551_0240_0184_0044_0044.jpg 1 240 184 44 44
0552_0136_0036_0114_0114.jpg 1 136 36 114 114
0553_0305_0270_0114_0114.jpg 1 305 270 114 114
0554_0049_0065_0038_0038.jpg 1 49 65 38 38
0555_0083_0097_0208_0208.jpg 1 83 97 208 208
0556_0052_0041_0107_0107.jpg 1 52 41 107 107
0557_0176_0063_0205_0205.jpg 1 176 63 205 205
0558_0032_0145_0060_0060.jpg 1 32 145 60 60
0559_0340_0260_0035_0035.jpg 1 340 260 35 35
0560_0132_0041_0329_0329.jpg 1 132 41 329 329
0561_0073_0125_0063_0063.jpg 1 73 125 63 63
0562_0171_0282_0052_0052.jpg 1 171 282 52 52
0563_0195_0084_0046_0046.jpg 1 195 84 46 46
0564_0178_0157_0302_0302.jpg 1 178 157 302 302
0565_0534_0177_0032_0032.jpg 1 534 177 32 32
0566_0145_0116_0054_0054.jpg 1 145 116 54 54
0567_0412_0071_0147_0147.jpg 1 412 71 147 147
0568_0093_0152_0221_0221.jpg 1 93 152 221 221
0569_0048_0030_0137_0137.jpg 1 48 30 137 137
0570_0122_0274_0055_0055.jpg 1 122 274 55 55
0571_0083_0053_0225_0225.jpg 1 83 53 225 225
0572_0207_0111_0304_0304.jpg 1 207 111 304 304
0573_0108_0041_0139_0139.jpg 1 108 41 139 139
0574_0233_0031_0289_0289.jpg 1 233 31 289 289
0575_0165_0231_0280_0280.jpg 1 165 231 280 280
0576_0265_0058_0236_0236.jpg 1 265 58 236 236
0577_0139_0208_0243_0243.jpg 1 139 208 243 243
0578_0035_0010_0140_0140.jpg 1 35 10 140 140
0579_0171_0091_0092_0092.jpg 1 171 91 92 92
0580_0066_0145_0064_0064.jpg 1 66 145 64 64
0581_0120_0144_0263_0263.jpg 1 120 144 263 263
0582_0296_0248_0199_0199.jpg 1 296 248 199 199
0583_0058_0093_0032_0032.jpg 1 58 93 32 32
0584_0112_0155_0024_0024.jpg 1 112 155 24 24
0585_0085_0149_0296_0296.jpg 1 85 149 296 296
0586_0206_0180_0266_0266.jpg 1 206 180 266 266
0587_0153_0060_0078_0078.jpg 1 153 60 78 78
0588_0088_0029_0122_0122.jpg 1 88 29 122 122
0589_0204_0076_0194_0194.jpg 1 204 76 194 194
0590_0163_0045_0092_0092.jpg 1 163 45 92 92
0591_0244_0027_0253_0253.jpg 1 244 27 253 253
0592_0124_0304_0113_0113.jpg 1 124 304 113 113
0593_0399_0329_0110_0110.jpg 1 399 329 110 110
0594_0193_0195_0149_0149.jpg 1 193 195 149 149
0595_0022_0055_0096_0096.jpg 1 22 55 96 96
0596_0042_0083_0130_0130.jpg 1 42 83 130 130
0597_0061_0038_0137_0137.jpg 1 61 38 137 137
0598_0059_0091_0049_0049.jpg 1 59 91 49 49
0599_0186_0112_0045_0045.jpg 1 186 112 45 45
0600_0424_0252_0107_0107.jpg 1 424 252 107 107
0601_0033_0060_0093_0093.jpg 1 33 60 93 93
0602_0027_0019_0167_0167.jpg 1 27 19 167 167
0603_0266_0074_0194_0194.jpg 1 266 74 194 194
0604_0326_0263_0155_0155.jpg 1 326 263 155 155
0605_0072_0233_0281_0281.jpg 1 72 233 281 281
0606_0356_0109_0190_0190.jpg 1 356 109 190 190
0607_0190_0072_0042_0042.jpg 1 190 72 42 42
0608_0443_0401_0032_0032.jpg 1 443 401 32 32
0609_0465_0371_0064_0064.jpg 1 465 371 64 64
0610_0050_0029_0034_0034.jpg 1 50 29 34 34
0611_0066_0142_0055_0055.jpg 1 66 142 55 55
0612_0284_0156_0250_0250.jpg 1 284 156 250 250
0613_0077_0056_0300_0300.jpg 1 77 56 300 300
0614_0248_0230_0191_0191.jpg 1 248 230 191 191
0615_0047_0046_0044_0044.jpg 1 47 46 44 44
0616_0043_0141_0298_0298.jpg 1 43 141 298 298
0617_0091_0136_0035_0035.jpg 1 91 136 35 35
0618_0161_0019_0071_0071.jpg 1 161 19 71 71
0619_0229_0453_0069_0069.jpg 1 229 453 69 69
0620_0107_0044_0207_0207.jpg 1 107 44 207 207
0621_0317_0352_0074_0074.jpg 1 317 352 74 74
0622_0230_0369_0099_0099.jpg 1 230 369 99 99
0623_0034_0029_0152_0152.jpg 1 34 29 152 152
0624_0362_0155_0044_0044.jpg 1 362 155 44 44
0625_0157_0103_0069_0069.jpg 1 157 103 69 69
0626_0034_0151_0064_0064.jpg 1 34 151 64 64
0627_0073_0096_0215_0215.jpg 1 73 96 215 215
0628_0059_0060_0097_0097.jpg 1 59 60 97 97
0629_0104_0256_0049_0049.jpg 1 104 256 49 49
0630_0101_0154_0306_0306.jpg 1 101 154 306 306
0631_0110_0038_0128_0128.jpg 1 110 38 128 128
0632_0391_0099_0122_0122.jpg 1 391 99 122 122
0633_0335_0289_0061_0061.jpg 1 335 289 61 61
0634_0087_0262_0126_0126.jpg 1 87 262 126 126
0635_0105_0084_0139_0139.jpg 1 105 84 139 139
0636_0068_0186_0219_0219.jpg 1 68 186 219 219
0637_0170_0094_0058_0058.jpg 1 170 94 58 58
0638_0047_0034_0087_0087.jpg 1 47 34 87 87
0639_0229_0068_0031_0031.jpg 1 229 68 31 31
0640_0129_0234_0112_0112.jpg 1 129 234 112 112
0641_0235_0121_0195_0195.jpg 1 235 121 195 195
0642_0265_0164_0199_0199.jpg 1 265 164 199 199
0643_0029_0042_0045_0045.jpg 1 29 42 45 45
0644_0090_0095_0132_0132.jpg 1 90 95 132 132
0645_0136_0053_0118_0118.jpg 1 136 53 118 118
0646_0240_0142_0176_0176.jpg 1 240 142 176 176
0647_0044_0091_0205_0205.jpg 1 44 91 205 205
0648_0168_0116_0074_0074.jpg 1 168 116 74 74
0649_0414_0173_0102_0102.jpg 1 414 173 102 102
0650_0059_0127_0297_0297.jpg 1 59 127 297 297
0651_0426_0038_0131_0131.jpg 1 426 38 131 131
0652_0066_0039_0140_0140.jpg 1 66 39 140 140
0653_0054_0089_0132_0132.jpg 1 54 89 132 132
0654_0023_0059_0029_0029.jpg 1 23 59 29 29
0655_0200_0068_0258_0258.jpg 1 200 68 258 258
0656_0130_0018_0038_0038.jpg 1 130 18 38 38
0657_0076_0063_0077_0077.jpg 1 76 63 77 77
0658_0370_0052_0035_0035.jpg 1 370 52 35 35
0659_0194_0076_0293_0293.jpg 1 194 76 293 293
0660_0112_0145_0072_0072.jpg 1 112 145 72 72
0661_0338_0206_0071_0071.jpg 1 338 206 71 71
0662_0342_0059_0175_0175.jpg 1 342 59 175 175
0663_0324_0149_0124_0124.jpg 1 324 149 124 124
0664_0167_0122_0074_0074.jpg 1 167 122 74 74
0665_0400_0202_0043_0043.jpg 1 400 202 43 43
0666_0061_0108_0057_0057.jpg 1 61 108 57 57
0667_0077_0133_0030_0030.jpg 1 77 133 30 30
0668_0359_0151_0094_0094.jpg 1 359 151 94 94
0669_0265_0027_0283_0283.jpg 1 265 27 283 283
0670_0165_0113_0075_0075.jpg 1 165 113 75 75
0671_0063_0240_0236_0236.jpg 1 63 240 236 236
0672_0066_0111_0113_0113.jpg 1 66 111 113 113
0673_0386_0332_0093_0093.jpg 1 386 332 93 93
0674_0042_0034_0026_0026.jpg 1 42 34 26 26
0675_0024_0025_0059_0059.jpg 1 24 25 59 59
0676_0053_0033_0065_0065.jpg 1 53 33 65 65
0677_0378_0324_0101_0101.jpg 1 378 324 101 101
0678_0207_0172_0038_0038.jpg 1 207 172 38 38
0679_0109_0111_0111_0111.jpg 1 109 111 111 111
0680_0270_0276_0095_0095.jpg 1 270 276 95 95
0681_0200_0256_0048_0048.jpg 1 200 256 48 48
0682_0116_0104_0050_0050.jpg 1 116 104 50 50
0683_0373_0187_0190_0190.jpg 1 373 187 190 190
0684_0311_0259_0063_0063.jpg 1 311 259 63 63
0685_0085_0051_0098_0098.jpg 1 85 51 98 98
0686_0475_0305_0108_0108.jpg 1 475 305 108 108
0687_0113_0229_0172_0172.jpg 1 113 229 172 172
0688_0111_0128_0037_0037.jpg 1 111 128 37 37
0689_0369_0035_0163_0163.jpg 1 369 35 163 163
0690_0026_0024_0112_0112.jpg 1 26 24 112 112
0691_0118_0070_0096_0096.jpg 1 118 70 96 96
0692_0318_0162_0113_0113.jpg 1 318 162 113 113
0693_0119_0111_0100_0100.jpg 1 119 111 100 100
0694_0108_0084_0144_0144.jpg 1 108 84 144 144
0695_0096_0028_0086_0086.jpg 1 96 28 86 86
0696_0119_0032_0114_0114.jpg 1 119 32 114 114
0697_0202_0093_0065_0065.jpg 1 202 93 65 65
0698_0035_0054_0313_0313.jpg 1 35 54 313 313
0699_0106_0147_0038_0038.jpg 1 106 147 38 38
0700_0108_0124_0075_0075.jpg 1 108 124 75 75
0701_0233_0209_0193_0193.jpg 1 233 209 193 193
0702_0083_0070_0064_0064.jpg 1 83 70 64 64
0703_0014_0053_0135_0135.jpg 1 14 53 135 135
0704_0128_0013_0157_0157.jpg 1 128 13 157 157
0705_0102_0032_0045_0045.jpg 1 102 32 45 45
0706_0122_0216_0163_0163.jpg 1 122 216 163 163
0707_0144_0190_0245_0245.jpg 1 144 190 245 245
0708_0138_0058_0101_0101.jpg 1 138 58 101 101
0709_0296_0105_0102_0102.jpg 1 296 105 102 102
0710_0082_0017_0069_0069.jpg 1 82 17 69 69
0711_0120_0039_0055_0055.jpg 1 120 39 55 55
0712_0181_0177_0027_0027.jpg 1 181 177 27 27
0713_0204_0205_0158_0158.jpg 1 204 205 158 158
0714_0243_0150_0170_0170.jpg 1 243 150 170 170
0715_0240_0145_0274_0274.jpg 1 240 145 274 274
0716_0168_0068_0121_0121.jpg 1 168 68 121 121
0717_0151_0064_0136_0136.jpg 1 151 64 136 136
0718_0048_0129_0267_0267.jpg 1 48 129 267 267
0719_0155_0081_0053_0053.jpg 1 155 81 53 53
0720_0167_0068_0110_0110.jpg 1 167 68 110 110
0721_0171_0039_0114_0114.jpg 1 171 39 114 114
0722_0274_0098_0084_0084.jpg 1 274 98 84 84
0723_0374_0087_0183_0183.jpg 1 374 87 183 183
0724_0051_0056_0260_0260.jpg 1 51 56 260 260
0725_0060_0065_0335_0335.jpg 1 60 65 335 335
0726_0084_0222_0118_0118.jpg 1 84 222 118 118
0727_0532_0314_0046_0046.jpg 1 532 314 46 46
0728_0020_0200_0287_0287.jpg 1 20 200 287 287
0729_0379_0203_0113_0113.jpg 1 379 203 113 113
0730_0170_0236_0207_0207.jpg 1 170 236 207 207
0731_0033_0033_0110_0110.jpg 1 33 33 110 110
0732_0192_0057_0070_0070.jpg 1 192 57 70 70
0733_0314_0182_0152_0152.jpg 1 314 182 152 152
0734_0082_0018_0161_0161.jpg 1 82 18 161 161
0735_0069_0012_0105_0105.jpg 1 69 12 105 105
0736_0176_0282_0055_0055.jpg 1 176 282 55 55
0737_0045_0078_0103_0103.jpg 1 45 78 103 103
0738_0060_0121_0048_0048.jpg 1 60 121 48 48
0739_0123_0050_0163_0163.jpg 1 123 50 163 163
0740_0472_0269_0056_0056.jpg 1 472 269 56 56
0741_0099_0140_0302_0302.jpg 1 99 140 302 302
0742_0036_0134_0049_0049.jpg 1 36 134 49 49
0743_0471_0058_0043_0043.jpg 1 471 58 43 43
0744_0408_0046_0085_0085.jpg 1 408 46 85 85
0745_0049_0104_0324_0324.jpg 1 49 104 324 324
0746_0163_0034_0126_0126.jpg 1 163 34 126 126
0747_0131_0038_0045_0045.jpg 1 131 38 45 45
0748_0365_0045_0103_0103.jpg 1 365 45 103 103
0749_0471_0351_0082_0082.jpg 1 471 351 82 82
0750_0147_0085_0025_0025.jpg 1 147 85 25 25
0751_0095_0268_0054_0054.jpg 1 95 268 54 54
0752_0031_0103_0065_0065.jpg 1 31 103 65 65
0753_0244_0200_0150_0150.jpg 1 244 200 150 150
0754_0297_0168_0160_0160.jpg 1 297 168 160 160
0755_0218_0158_0247_0247.jpg 1 218 158 247 247
0756_0147_0031_0132_0132.jpg 1 147 31 132 132
0757_0177_0036_0197_0197.jpg 1 177 36 197 197
0758_0244_0362_0043_0043.jpg 1 244 362 43 43
0759_0278_0088_0289_0289.jpg 1 278 88 289 289
0760_0065_0033_0118_0118.jpg 1 65 33 118 118
0761_0332_0100_0092_0092.jpg 1 332 100 92 92
0762_0097_0057_0111_0111.jpg 1 97 57 111 111
0763_0167_0067_0066_0066.jpg 1 167 67 66 66
0764_0443_0087_0079_0079.jpg 1 443 87 79 79
0765_0071_0116_0038_0038.jpg 1 71 116 38 38
0766_0245_0061_0334_0334.jpg 1 245 61 334 334
0767_0103_0031_0040_0040.jpg 1 103 31 40 40
0768_0452_0131_0129_0129.jpg 1 452 131 129 129
0769_0141_0087_0058_0058.jpg 1 141 87 58 58
0770_0132_0040_0089_0089.jpg 1 132 40 89 89
0771_0201_0064_0248_0248.jpg 1 201 64 248 248
0772_0172_0356_0078_0078.jpg 1 172 356 78 78
0773_0053_0054_0032_0032.jpg 1 53 54 32 32
0774_0121_0171_0158_0158.jpg 1 121 171 158 158
0775_0073_0075_0062_0062.jpg 1 73 75 62 62
0776_0053_0090_0078_0078.jpg 1 53 90 78 78
0777_0314_0122_0289_0289.jpg 1 314 122 289 289
0778_0062_0068_0161_0161.jpg 1 62 68 161 161
0779_0009_0105_0102_0102.jpg 1 9 105 102 102
0780_0042_0039_0248_0248.jpg 1 42 39 248 248
0781_0051_0101_0248_0248.jpg 1 51 101 248 248
0782_0039_0053_0085_0085.jpg 1 39 53 85 85
0783_0346_0102_0136_0136.jpg 1 346 102 136 136
0784_0165_0277_0099_0099.jpg 1 165 277 99 99
0785_0181_0155_0278_0278.jpg 1 181 155 278 278
0786_0016_0083_0058_0058.jpg 1 16 83 58 58
0787_0125_0073_0237_0237.jpg 1 125 73 237 237
0788_0257_0139_0105_0105.jpg 1 257 139 105 105
0789_0115_0066_0068_0068.jpg 1 115 66 68 68
0790_0146_0113_0245_0245.jpg 1 146 113 245 245
0791_0054_0071_0159_0159.jpg 1 54 71 159 159
0792_0034_0048_0076_0076.jpg 1 34 48 76 76
0793_0045_0038_0125_0125.jpg 1 45 38 125 125
0794_0085_0131_0041_0041.jpg 1 85 131 41 41
0795_0108_0146_0111_0111.jpg 1 108 146 111 111
0796_0090_0173_0033_0033.jpg 1 90 173 33 33
0797_0093_0152_0070_0070.jpg 1 93 152 70 70
0798_0296_0188_0054_0054.jpg 1 296 188 54 54
0799_0388_0025_0198_0198.jpg 1 388 25 198 198
0800_0021_0158_0047_0047.jpg 1 21 158 47 47
0801_0088_0059_0038_0038.jpg 1 88 59 38 38
0802_0174_0071_0146_0146.jpg 1 174 71 146 146
0803_0177_0080_0334_0334.jpg 1 177 80 334 334
0804_0272_0333_0057_0057.jpg 1 272 333 57 57
0805_0405_0265_0098_0098.jpg 1 405 265 98 98
0806_0168_0084_0054_0054.jpg 1 168 84 54 54
0807_0020_0085_0090_0090.jpg 1 20 85 90 90
0808_0283_0110_0312_0312.jpg 1 283 110 312 312
0809_0069_0073_0067_0067.jpg 1 69 73 67 67
0810_0056_0099_0252_0252.jpg 1 56 99 252 252
0811_0118_0103_0173_0173.jpg 1 118 103 173 173
0812_0155_0147_0303_0303.jpg 1 155 147 303 303
0813_0074_0038_0025_0025.jpg 1 74 38 25 25
0814_0006_0105_0094_0094.jpg 1 6 105 94 94
0815_0041_0100_0238_0238.jpg 1 41 100 238 238
0816_0287_0053_0201_0201.jpg 1 287 53 201 201
0817_0035_0092_0132_0132.jpg 1 35 92 132 132
0818_0064_0067_0129_0129.jpg 1 64 67 129 129
0819_0172_0116_0135_0135.jpg 1 172 116 135 135
0820_0230_0075_0325_0325.jpg 1 230 75 325 325
0821_0045_0111_0250_0250.jpg 1 45 111 250 250
0822_0239_0027_0045_0045.jpg 1 239 27 45 45
0823_0204_0242_0130_0130.jpg 1 204 242 130 130
0824_0353_0275_0047_0047.jpg 1 353 275 47 47
0825_0178_0081_0214_0214.jpg 1 178 81 214 214
0826_0060_0195_0148_0148.jpg 1 60 195 148 148
0827_0119_0072_0062_0062.jpg 1 119 72 62 62
0828_0094_0054_0312_0312.jpg 1 94 54 312 312
0829_0026_0060_0100_0100.jpg 1 26 60 100 100
0830_0192_0091_0331_0331.jpg 1 192 91 331 331
0831_0021_0090_0086_0086.jpg 1 21 90 86 86
0832_0265_0062_0280_0280.jpg 1 265 62 280 280
0833_0036_0118_0090_0090.jpg 1 36 118 90 90
0834_0085_0138_0062_0062.jpg 1 85 138 62 62
0835_0079_0048_0083_0083.jpg 1 79 48 83 83
0836_0063_0042_0121_0121.jpg 1 63 42 121 121
0837_0098_0047_0158_0158.jpg 1 98 47 158 158
0838_0424_0258_0062_0062.jpg 1 424 258 62 62
0839_0175_0057_0054_0054.jpg 1 175 57 54 54
0840_0131_0174_0027_0027.jpg 1 131 174 27 27
0841_0127_0088_0278_0278.jpg 1 127 88 278 278
0842_0212_0026_0070_0070.jpg 1 212 26 70 70
0843_0122_0275_0143_0143.jpg 1 122 275 143 143
0844_0182_0283_0085_0085.jpg 1 182 283 85 85
0845_0071_0120_0051_0051.jpg 1 71 120 51 51
0846_0161_0072_0334_0334.jpg 1 161 72 334 334
0847_0055_0134_0150_0150.jpg 1 55 134 150 150
0848_0083_0074_0074_0074.jpg 1 83 74 74 74
0849_0179_0146_0297_0297.jpg 1 179 146 297 297
0850_0068_0126_0071_0071.jpg 1 68 126 71 71
0851_0484_0149_0097_0097.jpg 1 484 149 97 97
0852_0364_0185_0072_0072.jpg 1 364 185 72 72
0853_0109_0141_0102_0102.jpg 1 109 141 102 102
0854_0053_0314_0056_0056.jpg 1 53 314 56 56
0855_0085_0042_0031_0031.jpg 1 85 42 31 31
0856_0132_0212_0061_0061.jpg 1 132 212 61 61
0857_0084_0017_0149_0149.jpg 1 84 17 149 149
0858_0339_0222_0223_0223.jpg 1 339 222 223 223
0859_0075_0060_0254_0254.jpg 1 75 60 254 254
0860_0128_0091_0329_0329.jpg 1 128 91 329 329
0861_0062_0056_0166_0166.jpg 1 62 56 166 166
0862_0036_0016_0163_0163.jpg 1 36 16 163 163
0863_0040_0111_0044_0044.jpg 1 40 111 44 44
0864_0391_0140_0118_0118.jpg 1 391 140 118 118
0865_0036_0073_0321_0321.jpg 1 36 73 321 321
0866_0108_0033_0161_0161.jpg 1 108 33 161 161
0867_0239_0274_0158_0158.jpg 1 239 274 158 158
0868_0092_0126_0083_0083.jpg 1 92 126 83 83
0869_0024_0032_0096_0096.jpg 1 24 32 96 96
0870_0263_0187_0158_0158.jpg 1 263 187 158 158
0871_0047_0061_0114_0114.jpg 1 47 61 114 114
0872_0309_0143_0174_0174.jpg 1 309 143 174 174
0873_0144_0027_0046_0046.jpg 1 144 27 46 46
0874_0128_0020_0108_0108.jpg 1 128 20 108 108
0875_0516_0255_0059_0059.jpg 1 516 255 59 59
0876_0254_0160_0232_0232.jpg 1 254 160 232 232
0877_0070_0259_0168_0168.jpg 1 70 259 168 168
0878_0373_0240_0062_0062.jpg 1 373 240 62 62
0879_0085_0161_0318_0318.jpg 1 85 161 318 318
0880_0135_0300_0192_0192.jpg 1 135 300 192 192
0881_0284_0175_0254_0254.jpg 1 284 175 254 254
0882_0135_0045_0326_0326.jpg 1 135 45 326 326
0883_0109_0050_0101_0101.jpg 1 109 50 101 101
0884_0106_0042_0101_0101.jpg 1 106 42 101 101
0885_0123_0074_0108_0108.jpg 1 123 74 108 108
0886_0172_0037_0064_0064.jpg 1 172 37 64 64
0887_0135_0033_0321_0321.jpg 1 135 33 321 321
0888_0089_0176_0162_0162.jpg 1 89 176 162 162
0889_0465_0194_0079_0079.jpg 1 465 194 79 79
0890_0093_0432_0052_0052.jpg 1 93 432 52 52
0891_0295_0186_0052_0052.jpg 1 295 186 52 52
0892_0145_0076_0118_0118.jpg 1 145 76 118 118
0893_0242_0048_0271_0271.jpg 1 242 48 271 271
0894_0097_0030_0106_0106.jpg 1 97 30 106 106
0895_0044_0100_0117_0117.jpg 1 44 100 117 117
0896_0052_0103_0121_0121.jpg 1 52 103 121 121
0897_0066_0119_0042_0042.jpg 1 66 119 42 42
0898_0041_0074_0123_0123.jpg 1 41 74 123 123
0899_0169_0063_0039_0039.jpg 1 169 63 39 39
0900_0026_0049_0090_0090.jpg 1 26 49 90 90
0901_0285_0228_0044_0044.jpg 1 285 228 44 44
0902_0246_0178_0278_0278.jpg 1 246 178 278 278
0903_0162_0073_0100_0100.jpg 1 162 73 100 100
0904_0209_0145_0312_0312.jpg 1 209 145 312 312
0905_0541_0072_0029_0029.jpg 1 541 72 29 29
0906_0074_0144_0240_0240.jpg 1 74 144 240 240
0907_0206_0097_0295_0295.jpg 1 206 97 295 295
0908_0058_0095_0129_0129.jpg 1 58 95 129 129
0909_0133_0082_0116_0116.jpg 1 133 82 116 116
0910_0150_0079_0088_0088.jpg 1 150 79 88 88
0911_0058_0012_0159_0159.jpg 1 58 12 159 159
0912_0057_0027_0146_0146.jpg 1 57 27 146 146
0913_0225_0113_0278_0278.jpg 1 225 113 278 278
0914_0052_0065_0116_0116.jpg 1 52 65 116 116
0915_0093_0155_0034_0034.jpg 1 93 155 34 34
0916_0037_0102_0064_0064.jpg 1 37 102 64 64
0917_0180_0284_0122_0122.jpg 1 180 284 122 122
0918_0108_0071_0030_0030.jpg 1 108 71 30 30
0919_0214_0128_0077_0077.jpg 1 214 128 77 77
0920_0056_0104_0158_0158.jpg 1 56 104 158 158
0921_0041_0050_0061_0061.jpg 1 41 50 61 61
0922_0166_0237_0204_0204.jpg 1 166 237 204 204
0923_0370_0155_0137_0137.jpg 1 370 155 137 137
0924_0113_0049_0048_0048.jpg 1 113 49 48 48
0925_0213_0170_0040_0040.jpg 1 213 170 40 40
0926_0232_0086_0269_0269.jpg 1 232 86 269 269
0927_0051_0076_0061_0061.jpg 1 51 76 61 61
0928_0155_0060_0133_0133.jpg 1 155 60 133 133
0929_0133_0283_0259_0259.jpg 1 133 283 259 259
0930_0343_0059_0173_0173.jpg 1 343 59 173 173
0931_0113_0052_0129_0129.jpg 1 113 52 129 129
0932_0214_0045_0212_0212.jpg 1 214 45 212 212
0933_0111_0046_0064_0064.jpg 1 111 46 64 64
0934_0077_0468_0075_0075.jpg 1 77 468 75 75
0935_0278_0146_0156_0156.jpg 1 278 146 156 156
0936_0173_0092_0092_0092.jpg 1 173 92 92 92
0937_0081_0095_0131_0131.jpg 1 81 95 131 131
0938_0259_0028_0025_0025.jpg 1 259 28 25 25
0939_0231_0145_0313_0313.jpg 1 231 145 313 313
0940_0206_0094_0186_0186.jpg 1 206 94 186 186
0941_0150_0046_0276_0276.jpg 1 150 46 276 276
0942_0170_0067_0273_0273.jpg 1 170 67 273 273
0943_0170_0062_0129_0129.jpg 1 170 62 129 129
0944_0101_0253_0110_0110.jpg 1 101 253 110 110
0945_0253_0321_0039_0039.jpg 1 253 321 39 39
0946_0234_0058_0143_0143.jpg 1 234 58 143 143
0947_0174_0025_0103_0103.jpg 1 174 25 103 103
0948_0384_0195_0030_0030.jpg 1 384 195 30 30
0949_0101_0057_0162_0162.jpg 1 101 57 162 162
0950_0058_0127_0091_0091.jpg 1 58 127 91 91
0951_0351_0036_0199_0199.jpg 1 351 36 199 199
0952_0209_0116_0268_0268.jpg 1 209 116 268 268
0953_0143_0089_0055_0055.jpg 1 143 89 55 55
0954_0291_0171_0204_0204.jpg 1 291 171 204 204
0955_0067_0053_0036_0036.jpg 1 67 53 36 36
0956_0152_0082_0138_0138.jpg 1 152 82 138 138
0957_0302_0101_0074_0074.jpg 1 302 101 74 74
0958_0260_0144_0254_0254.jpg 1 260 144 254 254
0959_0169_0080_0270_0270.jpg 1 169 80 270 270
0960_0401_0244_0140_0140.jpg 1 401 244 140 140
0961_0318_0209_0217_0217.jpg 1 318 209 217 217
0962_0244_0118_0034_0034.jpg 1 244 118 34 34
0963_0015_0062_0053_0053.jpg 1 15 62 53 53
0964_0166_0169_0103_0103.jpg 1 166 169 103 103
0965_0221_0029_0214_0214.jpg 1 221 29 214 214
0966_0086_0045_0157_0157.jpg 1 86 45 157 157
0967_0123_0086_0046_0046.jpg 1 123 86 46 46
0968_0187_0099_0079_0079.jpg 1 187 99 79 79
0969_0127_0051_0126_0126.jpg 1 127 51 126 126
0970_0046_0167_0281_0281.jpg 1 46 167 281 281
0971_0083_0023_0085_0085.jpg 1 83 23 85 85
0972_0098_0148_0060_0060.jpg 1 98 148 60 60
0973_0041_0082_0145_0145.jpg 1 41 82 145 145
0974_0035_0157_0039_0039.jpg 1 35 157 39 39
0975_0066_0250_0245_0245.jpg 1 66 250 245 245
0976_0079_0066_0322_0322.jpg 1 79 66 322 322
0977_0023_0094_0100_0100.jpg 1 23 94 100 100
0978_0102_0027_0121_0121.jpg 1 102 27 121 121
0979_0166_0401_0096_0096.jpg 1 166 401 96 96
0980_0187_0071_0066_0066.jpg 1 187 71 66 66
0981_0044_0132_0081_0081.jpg 1 44 132 81 81
0982_0201_0035_0083_0083.jpg 1 201 35 83 83
0983_0093_0122_0039_0039.jpg 1 93 122 39 39
0984_0090_0203_0233_0233.jpg 1 90 203 233 233
0985_0119_0141_0193_0193.jpg 1 119 141 193 193
0986_0026_0070_0088_0088.jpg 1 26 70 88 88
0987_0254_0057_0210_0210.jpg 1 254 57 210 210
0988_0065_0107_0057_0057.jpg 1 65 107 57 57
0989_0176_0291_0126_0126.jpg 1 176 291 126 126
0990_0165_0212_0271_0271.jpg 1 165 212 271 271
0991_0060_0085_0117_0117.jpg 1 60 85 117 117
0992_0284_0206_0082_0082.jpg 1 284 206 82 82
0993_0393_0221_0202_0202.jpg 1 393 221 202 202
0994_0095_0101_0063_0063.jpg 1 95 101 63 63
0995_0103_0111_0156_0156.jpg 1 103 111 156 156
0996_0048_0100_0299_0299.jpg 1 48 100 299 299
0997_0426_0281_0136_0136.jpg 1 426 281 136 136
0998_0310_0140_0058_0058.jpg 1 310 140 58 58
0999_0009_0047_0088_0088.jpg 1 9 47 88 88
1000_0049_0081_0330_0330.jpg 1 49 81 330 330
1001_0029_0085_0128_0128.jpg 1 29 85 128 128
1002_0068_0042_0148_0148.jpg 1 68 42 148 148
1003_0376_0224_0056_0056.jpg 1 376 224 56 56
1004_0396_0077_0088_0088.jpg 1 396 77 88 88
1005_0052_0061_0123_0123.jpg 1 52 61 123 123
1006_0170_0127_0277_0277.jpg 1 170 127 277 277
1007_0032_0043_0211_0211.jpg 1 32 43 211 211
1008_0152_0048_0158_0158.jpg 1 152 48 158 158
1009_0343_0055_0181_0181.jpg 1 343 55 181 181
1010_0272_0317_0144_0144.jpg 1 272 317 144 144
1011_0103_0288_0140_0140.jpg 1 103 288 140 140
1012_0104_0103_0116_0116.jpg 1 104 103 116 116
1013_0055_0360_0042_0042.jpg 1 55 360 42 42
1014_0234_0061_0035_0035.jpg 1 234 61 35 35
1015_0215_0238_0104_0104.jpg 1 215 238 104 104
1016_0095_0134_0179_0179.jpg 1 95 134 179 179
1017_0160_0069_0278_0278.jpg 1 160 69 278 278
1018_0134_0122_0068_0068.jpg 1 134 122 68 68
1019_0067_0061_0128_0128.jpg 1 67 61 128 128
1020_0028_0076_0115_0115.jpg 1 28 76 115 115
1021_0073_0132_0222_0222.jpg 1 73 132 222 222
1022_0037_0028_0131_0131.jpg 1 37 28 131 131
1023_0222_0077_0051_0051.jpg 1 222 77 51 51
1024_0202_0204_0167_0167.jpg 1 202 204 167 167
1025_0131_0079_0087_0087.jpg 1 131 79 87 87
1026_0106_0161_0198_0198.jpg 1 106 161 198 198
1027_0088_0119_0034_0034.jpg 1 88 119 34 34
1028_0170_0080_0030_0030.jpg 1 170 80 30 30
1029_0215_0116_0061_0061.jpg 1 215 116 61 61
1030_0062_0057_0159_0159.jpg 1 62 57 159 159
1031_0108_0165_0043_0043.jpg 1 108 165 43 43
1032_0182_0049_0111_0111.jpg 1 182 49 111 111
1033_0127_0033_0090_0090.jpg 1 127 33 90 90
1034_0184_0096_0301_0301.jpg 1 184 96 301 301
1035_0373_0078_0169_0169.jpg 1 373 78 169 169
1036_0044_0042_0128_0128.jpg 1 44 42 128 128
1037_0220_0091_0029_0029.jpg 1 220 91 29 29
1038_0225_0332_0088_0088.jpg 1 225 332 88 88
1039_0119_0166_0295_0295.jpg 1 119 166 295 295
1040_0037_0122_0044_0044.jpg 1 37 122 44 44
1041_0373_0195_0138_0138.jpg 1 373 195 138 138
1042_0070_0034_0143_0143.jpg 1 70 34 143 143
1043_0241_0182_0153_0153.jpg 1 241 182 153 153
1044_0101_0083_0098_0098.jpg 1 101 83 98 98
1045_0057_0093_0106_0106.jpg 1 57 93 106 106
1046_0402_0110_0193_0193.jpg 1 402 110 193 193
1047_0031_0039_0167_0167.jpg 1 31 39 167 167
1048_0145_0087_0124_0124.jpg 1 145 87 124 124
1049_0053_0097_0249_0249.jpg 1 53 97 249 249
1050_0339_0067_0037_0037.jpg 1 339 67 37 37
1051_0123_0109_0096_0096.jpg 1 123 109 96 96
1052_0461_0049_0089_0089.jpg 1 461 49 89 89
1053_0049_0340_0151_0151.jpg 1 49 340 151 151
1054_0438_0254_0091_0091.jpg 1 438 254 91 91
1055_0038_0111_0077_0077.jpg 1 38 111 77 77
1056_0074_0070_0128_0128.jpg 1 74 70 128 128
1057_0041_0084_0063_0063.jpg 1 41 84 63 63
1058_0129_0036_0292_0292.jpg 1 129 36 292 292
1059_0126_0071_0049_0049.jpg 1 126 71 49 49
1060_0010_0025_0123_0123.jpg 1 10 25 123 123
1061_0103_0034_0118_0118.jpg 1 103 34 118 118
1062_0136_0130_0258_0258.jpg 1 136 130 258 258
1063_0137_0349_0108_0108.jpg 1 137 349 108 108
1064_0421_0124_0042_0042.jpg 1 421 124 42 42
1065_0032_0028_0147_0147.jpg 1 32 28 147 147
1066_0086_0042_0146_0146.jpg 1 86 42 146 146
1067_0094_0088_0236_0236.jpg 1 94 88 236 236
1068_0037_0046_0127_0127.jpg 1 37 46 127 127
1069_0067_0079_0291_0291.jpg 1 67 79 291 291
1070_0199_0086_0024_0024.jpg 1 199 86 24 24
1071_0011_0013_0107_0107.jpg 1 11 13 107 107
1072_0080_0106_0028_0028.jpg 1 80 106 28 28
1073_0027_0109_0099_0099.jpg 1 27 109 99 99
1074_0221_0071_0246_0246.jpg 1 221 71 246 246
1075_0354_0486_0072_0072.jpg 1 354 486 72 72
1076_0120_0302_0261_0261.jpg 1 120 302 261 261
1077_0240_0134_0146_0146.jpg 1 240 134 146 146
1078_0219_0225_0166_0166.jpg 1 219 225 166 166
1079_0023_0040_0086_0086.jpg 1 23 40 86 86
1080_0189_0178_0036_0036.jpg 1 189 178 36 36
1081_0057_0030_0225_0225.jpg 1 57 30 225 225
1082_0101_0106_0261_0261.jpg 1 101 106 261 261
1083_0266_0114_0036_0036.jpg 1 266 114 36 36
1084_0085_0101_0061_0061.jpg 1 85 101 61 61
1085_0139_0245_0259_0259.jpg 1 139 245 259 259
1086_0278_0167_0130_0130.jpg 1 278 167 130 130
1087_0167_0090_0058_0058.jpg 1 167 90 58 58
1088_0233_0048_0031_0031.jpg 1 233 48 31 31
1089_0155_0042_0135_0135.jpg 1 155 42 135 135
1090_0046_0073_0034_0034.jpg 1 46 73 34 34
1091_0016_0032_0151_0151.jpg 1 16 32 151 151
1092_0085_0340_0187_0187.jpg 1 85 340 187 187
1093_0052_0104_0103_0103.jpg 1 52 104 103 103
1094_0138_0098_0280_0280.jpg 1 138 98 280 280
1095_0314_0111_0233_0233.jpg 1 314 111 233 233
1096_0086_0073_0099_0099.jpg 1 86 73 99 99
1097_0372_0111_0203_0203.jpg 1 372 111 203 203
1098_0097_0119_0043_0043.jpg 1 97 119 43 43
1099_0211_0134_0239_0239.jpg 1 211 134 239 239
1100_0140_0034_0242_0242.jpg 1 140 34 242 242
1101_0069_0072_0325_0325.jpg 1 69 72 325 325
1102_0072_0052_0291_0291.jpg 1 72 52 291 291
1103_0124_0061_0111_0111.jpg 1 124 61 111 111
1104_0077_0140_0308_0308.jpg 1 77 140 308 308
1105_0383_0179_0154_0154.jpg 1 383 179 154 154
1106_0055_0097_0315_0315.jpg 1 55 97 315 315
1107_0030_0062_0086_0086.jpg 1 30 62 86 86
1108_0141_0141_0034_0034.jpg 1 141 141 34 34
1109_0204_0126_0313_0313.jpg 1 204 126 313 313
1110_0024_0052_0138_0138.jpg 1 24 52 138 138
1111_0105_0124_0099_0099.jpg 1 105 124 99 99
1112_0116_0187_0024_0024.jpg 1 116 187 24 24
1113_0148_0190_0266_0266.jpg 1 148 190 266 266
1114_0030_0133_0080_0080.jpg 1 30 133 80 80
1115_0278_0162_0265_0265.jpg 1 278 162 265 265
1116_0050_0032_0096_0096.jpg 1 50 32 96 96
1117_0342_0214_0230_0230.jpg 1 342 214 230 230
1118_0046_0019_0067_0067.jpg 1 46 19 67 67
1119_0130_0309_0033_0033.jpg 1 130 309 33 33
1120_0053_0086_0083_0083.jpg 1 53 86 83 83
1121_0128_0235_0089_0089.jpg 1 128 235 89 89
1122_0197_0064_0157_0157.jpg 1 197 64 157 157
1123_0092_0289_0157_0157.jpg 1 92 289 157 157
1124_0372_0211_0158_0158.jpg 1 372 211 158 158
1125_0039_0161_0045_0045.jpg 1 39 161 45 45
1126_0362_0037_0170_0170.jpg 1 362 37 170 170
1127_0149_0226_0167_0167.jpg 1 149 226 167 167
1128_0475_0225_0075_0075.jpg 1 475 225 75 75
1129_0072_0103_0092_0092.jpg 1 72 103 92 92
1130_0205_0129_0241_0241.jpg 1 205 129 241 241
1131_0261_0108_0242_0242.jpg 1 261 108 242 242
1132_0161_0067_0191_0191.jpg 1 161 67 191 191
1133_0267_0194_0144_0144.jpg 1 267 194 144 144
1134_0035_0027_0110_0110.jpg 1 35 27 110 110
1135_0200_0151_0273_0273.jpg 1 200 151 273 273
1136_0053_0284_0296_0296.jpg 1 53 284 296 296
1137_0049_0063_0160_0160.jpg 1 49 63 160 160
1138_0046_0384_0186_0186.jpg 1 46 384 186 186
1139_0153_0044_0126_0126.jpg 1 153 44 126 126
1140_0259_0076_0174_0174.jpg 1 259 76 174 174
1141_0013_0128_0086_0086.jpg 1 13 128 86 86
1142_0248_0055_0053_0053.jpg 1 248 55 53 53
1143_0039_0063_0174_0174.jpg 1 39 63 174 174
1144_0100_0096_0141_0141.jpg 1 100 96 141 141
1145_0022_0059_0059_0059.jpg 1 22 59 59 59
1146_0105_0120_0087_0087.jpg 1 105 120 87 87
1147_0134_0058_0139_0139.jpg 1 134 58 139 139
1148_0027_0088_0089_0089.jpg 1 27 88 89 89
1149_0474_0328_0054_0054.jpg 1 474 328 54 54
1150_0206_0072_0047_0047.jpg 1 206 72 47 47
1151_0240_0335_0072_0072.jpg 1 240 335 72 72
1152_0086_0097_0126_0126.jpg 1 86 97 126 126
1153_0086_0268_0228_0228.jpg 1 86 268 228 228
1154_0323_0070_0256_0256.jpg 1 323 70 256 256
1155_0043_0055_0134_0134.jpg 1 43 55 134 134
1156_0060_0049_0160_0160.jpg 1 60 49 160 160
1157_0242_0245_0157_0157.jpg 1 242 245 157 157
1158_0193_0208_0108_0108.jpg 1 193 208 108 108
1159_0157_0041_0043_0043.jpg 1 157 41 43 43
1160_0193_0095_0271_0271.jpg 1 193 95 271 271
1161_0333_0135_0150_0150.jpg 1 333 135 150 150
1162_0355_0515_0054_0054.jpg 1 355 515 54 54
1163_0232_0062_0052_0052.jpg 1 232 62 52 52
1164_0377_0178_0171_0171.jpg 1 377 178 171 171
1165_0460_0213_0104_0104.jpg 1 460 213 104 104
1166_0036_0037_0296_0296.jpg 1 36 37 296 296
1167_0090_0175_0026_0026.jpg 1 90 175 26 26
1168_0087_0016_0135_0135.jpg 1 87 16 135 135
1169_0148_0072_0084_0084.jpg 1 148 72 84 84
1170_0166_0047_0284_0284.jpg 1 166 47 284 284
1171_0362_0096_0202_0202.jpg 1 362 96 202 202
1172_0137_0132_0028_0028.jpg 1 137 132 28 28
1173_0110_0091_0063_0063.jpg 1 110 91 63 63
1174_0059_0014_0096_0096.jpg 1 59 14 96 96
1175_0289_0139_0308_0308.jpg 1 289 139 308 308
1176_0175_0026_0218_0218.jpg 1 175 26 218 218
1177_0063_0391_0156_0156.jpg 1 63 391 156 156
1178_0130_0145_0036_0036.jpg 1 130 145 36 36
1179_0169_0032_0322_0322.jpg 1 169 32 322 322
1180_0152_0098_0068_0068.jpg 1 152 98 68 68
1181_0224_0086_0040_0040.jpg 1 224 86 40 40
1182_0086_0029_0154_0154.jpg 1 86 29 154 154
1183_0411_0038_0103_0103.jpg 1 411 38 103 103
1184_0180_0095_0242_0242.jpg 1 180 95 242 242
1185_0231_0035_0316_0316.jpg 1 231 35 316 316
1186_0178_0124_0181_0181.jpg 1 178 124 181 181
1187_0015_0055_0040_0040.jpg 1 15 55 40 40
1188_0146_0038_0105_0105.jpg 1 146 38 105 105
1189_0232_0035_0222_0222.jpg 1 232 35 222 222
1190_0194_0157_0238_0238.jpg 1 194 157 238 238
1191_0503_0177_0038_0038.jpg 1 503 177 38 38
1192_0089_0203_0253_0253.jpg 1 89 203 253 253
1193_0209_0357_0033_0033.jpg 1 209 357 33 33
1194_0040_0045_0093_0093.jpg 1 40 45 93 93
1195_0143_0084_0141_0141.jpg 1 143 84 141 141
1196_0165_0094_0289_0289.jpg 1 165 94 289 289
1197_0139_0413_0060_0060.jpg 1 139 413 60 60
1198_0258_0194_0236_0236.jpg 1 258 194 236 236
1199_0207_0497_0048_0048.jpg 1 207 497 48 48
1200_0238_0034_0312_0312.jpg 1 238 34 312 312
1201_0166_0181_0257_0257.jpg 1 166 181 257 257
1202_0200_0085_0056_0056.jpg 1 200 85 56 56
1203_0250_0058_0295_0295.jpg 1 250 58 295 295
1204_0157_0027_0130_0130.jpg 1 157 27 130 130
1205_0128_0099_0088_0088.jpg 1 128 99 88 88
1206_0070_0076_0125_0125.jpg 1 70 76 125 125
1207_0379_0307_0120_0120.jpg 1 379 307 120 120
1208_0104_0301_0040_0040.jpg 1 104 301 40 40
1209_0034_0031_0161_0161.jpg 1 34 31 161 161
1210_0131_0150_0176_0176.jpg 1 131 150 176 176
1211_0107_0163_0105_0105.jpg 1 107 163 105 105
1212_0109_0095_0043_0043.jpg 1 109 95 43 43
1213_0185_0032_0217_0217.jpg 1 185 32 217 217
1214_0225_0111_0206_0206.jpg 1 225 111 206 206
1215_0058_0184_0028_0028.jpg 1 58 184 28 28
1216_0323_0157_0049_0049.jpg 1 323 157 49 49
1217_0255_0160_0226_0226.jpg 1 255 160 226 226
1218_0071_0071_0094_0094.jpg 1 71 71 94 94
1219_0132_0096_0066_0066.jpg 1 132 96 66 66
1220_0048_0061_0129_0129.jpg 1 48 61 129 129
1221_0040_0138_0074_0074.jpg 1 40 138 74 74
1222_0065_0101_0028_0028.jpg 1 65 101 28 28
1223_0229_0028_0039_0039.jpg 1 229 28 39 39
1224_0224_0137_0272_0272.jpg 1 224 137 272 272
1225_0095_0092_0069_0069.jpg 1 95 92 69 69
1226_0122_0116_0207_0207.jpg 1 122 116 207 207
1227_0169_0115_0158_0158.jpg 1 169 115 158 158
1228_0147_0045_0272_0272.jpg 1 147 45 272 272
1229_0055_0066_0057_0057.jpg 1 55 66 57 57
1230_0048_0117_0274_0274.jpg 1 48 117 274 274
1231_0052_0037_0140_0140.jpg 1 52 37 140 140
1232_0157_0117_0051_0051.jpg 1 157 117 51 51
1233_0218_0049_0150_0150.jpg 1 218 49 150 150
1234_0040_0045_0101_0101.jpg 1 40 45 101 101
1235_0208_0245_0194_0194.jpg 1 208 245 194 194
1236_0185_0388_0032_0032.jpg 1 185 388 32 32
1237_0151_0177_0259_0259.jpg 1 151 177 259 259
1238_0123_0038_0090_0090.jpg 1 123 38 90 90
1239_0036_0168_0024_0024.jpg 1 36 168 24 24
1240_0015_0019_0150_0150.jpg 1 15 19 150 150
1241_0109_0139_0077_0077.jpg 1 109 139 77 77
1242_0154_0061_0109_0109.jpg 1 154 61 109 109
1243_0305_0165_0156_0156.jpg 1 305 165 156 156
1244_0095_0020_0151_0151.jpg 1 95 20 151 151
1245_0225_0034_0059_0059.jpg 1 225 34 59 59
1246_0086_0050_0101_0101.jpg 1 86 50 101 101
1247_0326_0114_0274_0274.jpg 1 326 114 274 274
1248_0261_0089_0068_0068.jpg 1 261 89 68 68
1249_0281_0147_0308_0308.jpg 1 281 147 308 308
1250_0054_0086_0271_0271.jpg 1 54 86 271 271
1251_0066_0210_0309_0309.jpg 1 66 210 309 309
1252_0118_0054_0069_0069.jpg 1 118 54 69 69
1253_0015_0122_0102_0102.jpg 1 15 122 102 102
1254_0103_0034_0105_0105.jpg 1 103 34 105 105
1255_0110_0110_0290_0290.jpg 1 110 110 290 290
1256_0169_0155_0131_0131.jpg 1 169 155 131 131
1257_0070_0152_0143_0143.jpg 1 70 152 143 143
1258_0132_0163_0288_0288.jpg 1 132 163 288 288
1259_0544_0078_0030_0030.jpg 1 544 78 30 30
1260_0225_0098_0213_0213.jpg 1 225 98 213 213
1261_0111_0053_0106_0106.jpg 1 111 53 106 106
1262_0115_0046_0132_0132.jpg 1 115 46 132 132
1263_0082_0015_0137_0137.jpg 1 82 15 137 137
1264_0332_0093_0269_0269.jpg 1 332 93 269 269
1265_0119_0113_0272_0272.jpg 1 119 113 272 272
1266_0216_0089_0285_0285.jpg 1 216 89 285 285
1267_0052_0089_0131_0131.jpg 1 52 89 131 131
1268_0104_0257_0046_0046.jpg 1 104 257 46 46
1269_0151_0021_0124_0124.jpg 1 151 21 124 124
1270_0198_0082_0124_0124.jpg 1 198 82 124 124
1271_0075_0009_0134_0134.jpg 1 75 9 134 134
1272_0208_0071_0274_0274.jpg 1 208 71 274 274
1273_0435_0300_0120_0120.jpg 1 435 300 120 120
1274_0454_0178_0036_0036.jpg 1 454 178 36 36
1275_0065_0066_0164_0164.jpg 1 65 66 164 164
1276_0106_0023_0102_0102.jpg 1 106 23 102 102
1277_0056_0111_0112_0112.jpg 1 56 111 112 112
1278_0074_0211_0296_0296.jpg 1 74 211 296 296
1279_0078_0148_0066_0066.jpg 1 78 148 66 66
1280_0131_0143_0272_0272.jpg 1 131 143 272 272
1281_0358_0093_0213_0213.jpg 1 358 93 213 213
1282_0134_0185_0039_0039.jpg 1 134 185 39 39
1283_0246_0087_0029_0029.jpg 1 246 87 29 29
1284_0306_0182_0241_0241.jpg 1 306 182 241 241
1285_0194_0315_0036_0036.jpg 1 194 315 36 36
1286_0091_0057_0126_0126.jpg 1 91 57 126 126
1287_0170_0055_0040_0040.jpg 1 170 55 40 40
1288_0067_0112_0321_0321.jpg 1 67 112 321 321
1289_0095_0092_0080_0080.jpg 1 95 92 80 80
1290_0173_0020_0279_0279.jpg 1 173 20 279 279
1291_0226_0070_0306_0306.jpg 1 226 70 306 306
1292_0015_0044_0157_0157.jpg 1 15 44 157 157
1293_0193_0244_0137_0137.jpg 1 193 244 137 137
1294_0134_0019_0141_0141.jpg 1 134 19 141 141
1295_0134_0040_0091_0091.jpg 1 134 40 91 91
1296_0118_0153_0294_0294.jpg 1 118 153 294 294
1297_0073_0021_0118_0118.jpg 1 73 21 118 118
1298_0059_0045_0044_0044.jpg 1 59 45 44 44
1299_0165_0070_0077_0077.jpg 1 165 70 77 77
1300_0061_0121_0095_0095.jpg 1 61 121 95 95
1301_0066_0042_0095_0095.jpg 1 66 42 95 95
1302_0020_0026_0133_0133.jpg 1 20 26 133 133
1303_0149_0035_0139_0139.jpg 1 149 35 139 139
1304_0288_0257_0066_0066.jpg 1 288 257 66 66
1305_0214_0050_0078_0078.jpg 1 214 50 78 78
1306_0127_0096_0062_0062.jpg 1 127 96 62 62
1307_0105_0110_0271_0271.jpg 1 105 110 271 271
1308_0082_0073_0043_0043.jpg 1 82 73 43 43
1309_0314_0038_0202_0202.jpg 1 314 38 202 202
1310_0080_0058_0257_0257.jpg 1 80 58 257 257
1311_0060_0179_0026_0026.jpg 1 60 179 26 26
1312_0300_0190_0093_0093.jpg 1 300 190 93 93
1313_0074_0108_0313_0313.jpg 1 74 108 313 313
1314_0031_0090_0123_0123.jpg 1 31 90 123 123
1315_0064_0053_0157_0157.jpg 1 64 53 157 157
1316_0039_0076_0077_0077.jpg 1 39 76 77 77
1317_0085_0070_0028_0028.jpg 1 85 70 28 28
1318_0103_0081_0197_0197.jpg 1 103 81 197 197
1319_0021_0050_0050_0050.jpg 1 21 50 50 50
1320_0333_0023_0228_0228.jpg 1 333 23 228 228
1321_0040_0015_0079_0079.jpg 1 40 15 79 79
1322_0038_0038_0322_0322.jpg 1 38 38 322 322
1323_0079_0356_0123_0123.jpg 1 79 356 123 123
1324_0077_0044_0091_0091.jpg 1 77 44 91 91
1325_0167_0247_0062_0062.jpg 1 167 247 62 62
1326_0232_0091_0323_0323.jpg 1 232 91 323 323
1327_0139_0023_0038_0038.jpg 1 139 23 38 38
1328_0045_0079_0129_0129.jpg 1 45 79 129 129
1329_0081_0093_0133_0133.jpg 1 81 93 133 133
1330_0095_0086_0218_0218.jpg 1 95 86 218 218
1331_0055_0055_0081_0081.jpg 1 55 55 81 81
1332_0035_0018_0076_0076.jpg 1 35 18 76 76
1333_0019_0128_0097_0097.jpg 1 19 128 97 97
1334_0056_0101_0093_0093.jpg 1 56 101 93 93
1335_0095_0217_0104_0104.jpg 1 95 217 104 104
1336_0118_0148_0287_0287.jpg 1 118 148 287 287
1337_0177_0236_0146_0146.jpg 1 177 236 146 146
1338_0154_0082_0034_0034.jpg 1 154 82 34 34
1339_0069_0191_0024_0024.jpg 1 69 191 24 24
1340_0095_0048_0087_0087.jpg 1 95 48 87 87
1341_0285_0195_0137_0137.jpg 1 285 195 137 137
1342_0046_0088_0241_0241.jpg 1 46 88 241 241
1343_0053_0103_0049_0049.jpg 1 53 103 49 49
1344_0028_0106_0053_0053.jpg 1 28 106 53 53
1345_0086_0111_0110_0110.jpg 1 86 111 110 110
1346_0110_0040_0112_0112.jpg 1 110 40 112 112
1347_0137_0133_0233_0233.jpg 1 137 133 233 233
1348_0259_0068_0291_0291.jpg 1 259 68 291 291
1349_0142_0179_0025_0025.jpg 1 142 179 25 25
1350_0053_0092_0061_0061.jpg 1 53 92 61 61
1351_0157_0107_0033_0033.jpg 1 157 107 33 33
1352_0256_0125_0179_0179.jpg 1 256 125 179 179
1353_0249_0168_0142_0142.jpg 1 249 168 142 142
1354_0184_0158_0225_0225.jpg 1 184 158 225 225
1355_0100_0215_0304_0304.jpg 1 100 215 304 304
1356_0237_0338_0048_0048.jpg 1 237 338 48 48
1357_0153_0096_0128_0128.jpg 1 153 96 128 128
1358_0291_0097_0205_0205.jpg 1 291 97 205 205
1359_0072_0077_0097_0097.jpg 1 72 77 97 97
1360_0186_0337_0077_0077.jpg 1 186 337 77 77
1361_0041_0127_0058_0058.jpg 1 41 127 58 58
1362_0111_0131_0034_0034.jpg 1 111 131 34 34
1363_0073_0037_0031_0031.jpg 1 73 37 31 31
1364_0125_0089_0039_0039.jpg 1 125 89 39 39
1365_0331_0231_0110_0110.jpg 1 331 231 110 110
1366_0068_0221_0168_0168.jpg 1 68 221 168 168
1367_0320_0292_0050_0050.jpg 1 320 292 50 50
1368_0059_0024_0068_0068.jpg 1 59 24 68 68
1369_0210_0147_0314_0314.jpg 1 210 147 314 314
1370_0140_0170_0227_0227.jpg 1 140 170 227 227
1371_0039_0088_0078_0078.jpg 1 39 88 78 78
1372_0213_0085_0128_0128.jpg 1 213 85 128 128
1373_0266_0047_0326_0326.jpg 1 266 47 326 326
1374_0118_0059_0125_0125.jpg 1 118 59 125 125
1375_0067_0197_0221_0221.jpg 1 67 197 221 221
1376_0025_0118_0099_0099.jpg 1 25 118 99 99
1377_0114_0077_0100_0100.jpg 1 114 77 100 100
1378_0343_0053_0228_0228.jpg 1 343 53 228 228
1379_0182_0129_0056_0056.jpg 1 182 129 56 56
1380_0237_0290_0038_0038.jpg 1 237 290 38 38
1381_0116_0052_0149_0149.jpg 1 116 52 149 149
1382_0335_0208_0207_0207.jpg 1 335 208 207 207
1383_0041_0049_0080_0080.jpg 1 41 49 80 80
1384_0010_0084_0116_0116.jpg 1 10 84 116 116
1385_0046_0109_0116_0116.jpg 1 46 109 116 116
1386_0173_0175_0153_0153.jpg 1 173 175 153 153
1387_0036_0029_0116_0116.jpg 1 36 29 116 116
1388_0069_0081_0090_0090.jpg 1 69 81 90 90
1389_0013_0033_0087_0087.jpg 1 13 33 87 87
1390_0366_0080_0231_0231.jpg 1 366 80 231 231
1391_0121_0116_0074_0074.jpg 1 121 116 74 74
1392_0118_0160_0086_0086.jpg 1 118 160 86 86
1393_0099_0039_0150_0150.jpg 1 99 39 150 150
1394_0220_0202_0113_0113.jpg 1 220 202 113 113
1395_0147_0182_0139_0139.jpg 1 147 182 139 139
1396_0100_0018_0135_0135.jpg 1 100 18 135 135
1397_0315_0201_0055_0055.jpg 1 315 201 55 55
1398_0048_0329_0266_0266.jpg 1 48 329 266 266
1399_0052_0137_0048_0048.jpg 1 52 137 48 48
1400_0161_0219_0214_0214.jpg 1 161 219 214 214
1401_0052_0108_0049_0049.jpg 1 52 108 49 49
1402_0083_0120_0101_0101.jpg 1 83 120 101 101
1403_0324_0035_0161_0161.jpg 1 324 35 161 161
1404_0251_0112_0056_0056.jpg 1 251 112 56 56
1405_0283_0208_0119_0119.jpg 1 283 208 119 119
1406_0288_0197_0172_0172.jpg 1 288 197 172 172
1407_0047_0107_0116_0116.jpg 1 47 107 116 116
1408_0442_0161_0096_0096.jpg 1 442 161 96 96
1409_0450_0280_0085_0085.jpg 1 450 280 85 85
1410_0271_0277_0129_0129.jpg 1 271 277 129 129
1411_0073_0063_0152_0152.jpg 1 73 63 152 152
1412_0079_0127_0092_0092.jpg 1 79 127 92 92
1413_0097_0144_0034_0034.jpg 1 97 144 34 34
1414_0161_0079_0205_0205.jpg 1 161 79 205 205
1415_0205_0097_0198_0198.jpg 1 205 97 198 198
1416_0037_0040_0039_0039.jpg 1 37 40 39 39
1417_0052_0107_0074_0074.jpg 1 52 107 74 74
1418_0068_0099_0071_0071.jpg 1 68 99 71 71
1419_0038_0028_0166_0166.jpg 1 38 28 166 166
1420_0134_0087_0103_0103.jpg 1 134 87 103 103
1421_0061_0029_0118_0118.jpg 1 61 29 118 118
1422_0017_0016_0095_0095.jpg 1 17 16 95 95
1423_0161_0064_0283_0283.jpg 1 161 64 283 283
1424_0216_0129_0058_0058.jpg 1 216 129 58 58
1425_0086_0110_0319_0319.jpg 1 86 110 319 319
1426_0203_0128_0032_0032.jpg 1 203 128 32 32
1427_0060_0105_0286_0286.jpg 1 60 105 286 286
1428_0107_0167_0047_0047.jpg 1 107 167 47 47
1429_0112_0077_0101_0101.jpg 1 112 77 101 101
1430_0293_0184_0207_0207.jpg 1 293 184 207 207
1431_0109_0124_0271_0271.jpg 1 109 124 271 271
1432_0017_0058_0121_0121.jpg 1 17 58 121 121
1433_0225_0042_0269_0269.jpg 1 225 42 269 269
1434_0152_0236_0281_0281.jpg 1 152 236 281 281
1435_0066_0046_0118_0118.jpg 1 66 46 118 118
1436_0328_0021_0236_0236.jpg 1 328 21 236 236
1437_0515_0387_0046_0046.jpg 1 515 387 46 46
1438_0083_0021_0157_0157.jpg 1 83 21 157 157
1439_0012_0034_0122_0122.jpg 1 12 34 122 122
1440_0185_0170_0249_0249.jpg 1 185 170 249 249
1441_0034_0127_0059_0059.jpg 1 34 127 59 59
1442_0050_0048_0265_0265.jpg 1 50 48 265 265
1443_0104_0144_0248_0248.jpg 1 104 144 248 248
1444_0191_0118_0266_0266.jpg 1 191 118 266 266
1445_0021_0052_0113_0113.jpg 1 21 52 113 113
1446_0021_0089_0026_0026.jpg 1 21 89 26 26
1447_0105_0033_0070_0070.jpg 1 105 33 70 70
1448_0252_0328_0105_0105.jpg 1 252 328 105 105
1449_0090_0091_0128_0128.jpg 1 90 91 128 128
1450_0090_0029_0163_0163.jpg 1 90 29 163 163
1451_0097_0165_0259_0259.jpg 1 97 165 259 259
1452_0082_0208_0059_0059.jpg 1 82 208 59 59
1453_0105_0281_0030_0030.jpg 1 105 281 30 30
1454_0085_0094_0090_0090.jpg 1 85 94 90 90
1455_0492_0066_0053_0053.jpg 1 492 66 53 53
1456_0141_0025_0234_0234.jpg 1 141 25 234 234
1457_0209_0034_0060_0060.jpg 1 209 34 60 60
1458_0115_0042_0102_0102.jpg 1 115 42 102 102
1459_0130_0067_0117_0117.jpg 1 130 67 117 117
1460_0140_0029_0116_0116.jpg 1 140 29 116 116
1461_0309_0136_0175_0175.jpg 1 309 136 175 175
1462_0357_0217_0080_0080.jpg 1 357 217 80 80
1463_0524_0169_0051_0051.jpg 1 524 169 51 51
1464_0171_0030_0107_0107.jpg 1 171 30 107 107
1465_0253_0160_0186_0186.jpg 1 253 160 186 186
1466_0087_0041_0145_0145.jpg 1 87 41 145 145
1467_0030_0024_0163_0163.jpg 1 30 24 163 163
1468_0129_0283_0315_0315.jpg 1 129 283 315 315
1469_0105_0128_0178_0178.jpg 1 105 128 178 178
1470_0052_0241_0168_0168.jpg 1 52 241 168 168
1471_0134_0046_0087_0087.jpg 1 134 46 87 87
1472_0435_0219_0058_0058.jpg 1 435 219 58 58
1473_0399_0121_0159_0159.jpg 1 399 121 159 159
1474_0228_0046_0045_0045.jpg 1 228 46 45 45
1475_0092_0029_0052_0052.jpg 1 92 29 52 52
1476_0126_0121_0225_0225.jpg 1 126 121 225 225
1477_0035_0115_0051_0051.jpg 1 35 115 51 51
1478_0063_0217_0162_0162.jpg 1 63 217 162 162
1479_0096_0009_0107_0107.jpg 1 96 9 107 107
1480_0315_0062_0258_0258.jpg 1 315 62 258 258
1481_0111_0079_0107_0107.jpg 1 111 79 107 107
1482_0186_0185_0091_0091.jpg 1 186 185 91 91
1483_0409_0110_0067_0067.jpg 1 409 110 67 67
1484_0057_0041_0171_0171.jpg 1 57 41 171 171
1485_0248_0035_0259_0259.jpg 1 248 35 259 259
1486_0348_0066_0135_0135.jpg 1 348 66 135 135
1487_0011_0096_0046_0046.jpg 1 11 96 46 46
1488_0058_0073_0091_0091.jpg 1 58 73 91 91
1489_0324_0151_0247_0247.jpg 1 324 151 247 247
1490_0177_0148_0056_0056.jpg 1 177 148 56 56
1491_0046_0062_0088_0088.jpg 1 46 62 88 88
1492_0256_0034_0230_0230.jpg 1 256 34 230 230
1493_0079_0123_0058_0058.jpg 1 79 123 58 58
1494_0178_0127_0121_0121.jpg 1 178 127 121 121
1495_0210_0070_0051_0051.jpg 1 210 70 51 51
1496_0285_0069_0290_0290.jpg 1 285 69 290 290
1497_0262_0117_0230_0230.jpg 1 262 117 230 230
1498_0212_0059_0219_0219.jpg 1 212 59 219 219
1499_0220_0039_0057_0057.jpg 1 220 39 57 57
1500_0044_0024_0146_0146.jpg 1 44 24 146 146
1501_0160_0015_0091_0091.jpg 1 160 15 91 91
1502_0047_0082_0092_0092.jpg 1 47 82 92 92
1503_0120_0147_0256_0256.jpg 1 120 147 256 256
1504_0048_0112_0072_0072.jpg 1 48 112 72 72
1505_0280_0156_0184_0184.jpg 1 280 156 184 184
1506_0142_0064_0191_0191.jpg 1 142 64 191 191
1507_0059_0078_0085_0085.jpg 1 59 78 85 85
1508_0266_0096_0112_0112.jpg 1 266 96 112 112
1509_0131_0099_0065_0065.jpg 1 131 99 65 65
1510_0091_0031_0294_0294.jpg 1 91 31 294 294
1511_0099_0028_0121_0121.jpg 1 99 28 121 121
1512_0429_0130_0109_0109.jpg 1 429 130 109 109
1513_0051_0028_0089_0089.jpg 1 51 28 89 89
1514_0220_0305_0104_0104.jpg 1 220 305 104 104
1515_0094_0137_0069_0069.jpg 1 94 137 69 69
1516_0332_0205_0158_0158.jpg 1 332 205 158 158
1517_0205_0171_0170_0170.jpg 1 205 171 170 170
1518_0237_0140_0135_0135.jpg 1 237 140 135 135
1519_0197_0227_0167_0167.jpg 1 197 227 167 167
1520_0079_0126_0290_0290.jpg 1 79 126 290 290
1521_0022_0034_0046_0046.jpg 1 22 34 46 46
1522_0362_0063_0084_0084.jpg 1 362 63 84 84
1523_0426_0094_0147_0147.jpg 1 426 94 147 147
1524_0109_0064_0147_0147.jpg 1 109 64 147 147
1525_0085_0026_0224_0224.jpg 1 85 26 224 224
1526_0094_0043_0045_0045.jpg 1 94 43 45 45
1527_0059_0362_0190_0190.jpg 1 59 362 190 190
1528_0150_0251_0115_0115.jpg 1 150 251 115 115
1529_0368_0216_0115_0115.jpg 1 368 216 115 115
1530_0287_0203_0133_0133.jpg 1 287 203 133 133
1531_0291_0134_0178_0178.jpg 1 291 134 178 178
1532_0043_0076_0024_0024.jpg 1 43 76 24 24
1533_0186_0089_0302_0302.jpg 1 186 89 302 302
1534_0161_0013_0110_0110.jpg 1 161 13 110 110
1535_0022_0075_0139_0139.jpg 1 22 75 139 139
1536_0444_0067_0098_0098.jpg 1 444 67 98 98
1537_0137_0073_0237_0237.jpg 1 137 73 237 237
1538_0086_0043_0104_0104.jpg 1 86 43 104 104
1539_0155_0093_0101_0101.jpg 1 155 93 101 101
1540_0257_0025_0329_0329.jpg 1 257 25 329 329
1541_0435_0281_0060_0060.jpg 1 435 281 60 60
1542_0110_0206_0206_0206.jpg 1 110 206 206 206
1543_0132_0017_0140_0140.jpg 1 132 17 140 140
1544_0268_0092_0276_0276.jpg 1 268 92 276 276
1545_0162_0113_0038_0038.jpg 1 162 113 38 38
1546_0039_0063_0120_0120.jpg 1 39 63 120 120
1547_0107_0078_0302_0302.jpg 1 107 78 302 302
1548_0093_0040_0127_0127.jpg 1 93 40 127 127
1549_0062_0118_0317_0317.jpg 1 62 118 317 317
1550_0067_0148_0136_0136.jpg 1 67 148 136 136
1551_0464_0358_0027_0027.jpg 1 464 358 27 27
1552_0062_0069_0139_0139.jpg 1 62 69 139 139
1553_0176_0030_0029_0029.jpg 1 176 30 29 29
1554_0181_0087_0141_0141.jpg 1 181 87 141 141
1555_0272_0054_0332_0332.jpg 1 272 54 332 332
1556_0076_0130_0313_0313.jpg 1 76 130 313 313
1557_0201_0242_0245_0245.jpg 1 201 242 245 245
1558_0080_0063_0066_0066.jpg 1 80 63 66 66
1559_0037_0055_0051_0051.jpg 1 37 55 51 51
1560_0112_0006_0142_0142.jpg 1 112 6 142 142
1561_0313_0180_0206_0206.jpg 1 313 180 206 206
1562_0043_0078_0136_0136.jpg 1 43 78 136 136
1563_0037_0178_0042_0042.jpg 1 37 178 42 42
1564_0127_0108_0124_0124.jpg 1 127 108 124 124
1565_0291_0051_0177_0177.jpg 1 291 51 177 177
1566_0022_0281_0325_0325.jpg 1 22 281 325 325
1567_0046_0171_0025_0025.jpg 1 46 171 25 25
1568_0285_0162_0275_0275.jpg 1 285 162 275 275
1569_0437_0152_0147_0147.jpg 1 437 152 147 147
1570_0121_0207_0296_0296.jpg 1 121 207 296 296
1571_0207_0160_0124_0124.jpg 1 207 160 124 124
1572_0110_0071_0061_0061.jpg 1 110 71 61 61
1573_0082_0111_0080_0080.jpg 1 82 111 80 80
1574_0042_0065_0147_0147.jpg 1 42 65 147 147
1575_0049_0222_0283_0283.jpg 1 49 222 283 283
1576_0237_0045_0281_0281.jpg 1 237 45 281 281
1577_0197_0051_0069_0069.jpg 1 197 51 69 69
1578_0119_0179_0049_0049.jpg 1 119 179 49 49
1579_0049_0215_0156_0156.jpg 1 49 215 156 156
1580_0244_0079_0195_0195.jpg 1 244 79 195 195
1581_0256_0031_0324_0324.jpg 1 256 31 324 324
1582_0111_0112_0150_0150.jpg 1 111 112 150 150
1583_0520_0052_0036_0036.jpg 1 520 52 36 36
1584_0427_0388_0037_0037.jpg 1 427 388 37 37
1585_0202_0088_0122_0122.jpg 1 202 88 122 122
1586_0185_0186_0216_0216.jpg 1 185 186 216 216
1587_0329_0185_0079_0079.jpg 1 329 185 79 79
1588_0220_0138_0044_0044.jpg 1 220 138 44 44
1589_0048_0182_0302_0302.jpg 1 48 182 302 302
1590_0196_0081_0288_0288.jpg 1 196 81 288 288
1591_0434_0359_0042_0042.jpg 1 434 359 42 42
1592_0243_0114_0248_0248.jpg 1 243 114 248 248
1593_0098_0017_0120_0120.jpg 1 98 17 120 120
1594_0008_0058_0111_0111.jpg 1 8 58 111 111
1595_0139_0131_0040_0040.jpg 1 139 131 40 40
1596_0058_0096_0237_0237.jpg 1 58 96 237 237
1597_0100_0199_0272_0272.jpg 1 100 199 272 272
1598_0026_0083_0047_0047.jpg 1 26 83 47 47
1599_0157_0022_0034_0034.jpg 1 157 22 34 34
1600_0180_0203_0050_0050.jpg 1 180 203 50 50
1601_0090_0172_0029_0029.jpg 1 90 172 29 29
1602_0266_0115_0261_0261.jpg 1 266 115 261 261
1603_0041_0115_0100_0100.jpg 1 41 115 100 100
1604_0248_0188_0195_0195.jpg 1 248 188 195 195
1605_0019_0075_0074_0074.jpg 1 19 75 74 74
1606_0116_0010_0144_0144.jpg 1 116 10 144 144
1607_0127_0031_0123_0123.jpg 1 127 31 123 123
1608_0200_0053_0058_0058.jpg 1 200 53 58 58
1609_0024_0071_0108_0108.jpg 1 24 71 108 108
1610_0054_0265_0144_0144.jpg 1 54 265 144 144
1611_0327_0130_0179_0179.jpg 1 327 130 179 179
1612_0282_0336_0049_0049.jpg 1 282 336 49 49
1613_0229_0390_0079_0079.jpg 1 229 390 79 79
1614_0070_0121_0100_0100.jpg 1 70 121 100 100
1615_0028_0113_0081_0081.jpg 1 28 113 81 81
1616_0385_0152_0188_0188.jpg 1 385 152 188 188
1617_0142_0113_0274_0274.jpg 1 142 113 274 274
1618_0109_0198_0326_0326.jpg 1 109 198 326 326
1619_0088_0062_0121_0121.jpg 1 88 62 121 121
1620_0387_0159_0039_0039.jpg 1 387 159 39 39
1621_0020_0053_0128_0128.jpg 1 20 53 128 128
1622_0238_0190_0104_0104.jpg 1 238 190 104 104
1623_0170_0031_0093_0093.jpg 1 170 31 93 93
1624_0118_0096_0034_0034.jpg 1 118 96 34 34
1625_0187_0121_0281_0281.jpg 1 187 121 281 281
1626_0060_0029_0113_0113.jpg 1 60 29 113 113
1627_0231_0052_0185_0185.jpg 1 231 52 185 185
1628_0139_0010_0154_0154.jpg 1 139 10 154 154
1629_0140_0027_0333_0333.jpg 1 140 27 333 333
1630_0216_0061_0173_0173.jpg 1 216 61 173 173
1631_0153_0075_0028_0028.jpg 1 153 75 28 28
1632_0077_0042_0091_0091.jpg 1 77 42 91 91
1633_0085_0042_0103_0103.jpg 1 85 42 103 103
1634_0269_0135_0168_0168.jpg 1 269 135 168 168
1635_0090_0135_0036_0036.jpg 1 90 135 36 36
1636_0010_0101_0108_0108.jpg 1 10 101 108 108
1637_0017_0125_0058_0058.jpg 1 17 125 58 58
1638_0025_0073_0128_0128.jpg 1 25 73 128 128
1639_0390_0178_0157_0157.jpg 1 390 178 157 157
1640_0169_0263_0107_0107.jpg 1 169 263 107 107
1641_0082_0208_0028_0028.jpg 1 82 208 28 28
1642_0027_0056_0152_0152.jpg 1 27 56 152 152
1643_0036_0071_0033_0033.jpg 1 36 71 33 33
1644_0050_0239_0162_0162.jpg 1 50 239 162 162
1645_0027_0107_0065_0065.jpg 1 27 107 65 65
1646_0375_0068_0086_0086.jpg 1 375 68 86 86
1647_0223_0181_0274_0274.jpg 1 223 181 274 274
1648_0313_0175_0119_0119.jpg 1 313 175 119 119
1649_0093_0058_0139_0139.jpg 1 93 58 139 139
1650_0026_0086_0086_0086.jpg 1 26 86 86 86
1651_0195_0404_0112_0112.jpg 1 195 404 112 112
1652_0040_0231_0254_0254.jpg 1 40 231 254 254
1653_0228_0043_0038_0038.jpg 1 228 43 38 38
1654_0294_0289_0157_0157.jpg 1 294 289 157 157
1655_0134_0068_0229_0229.jpg 1 134 68 229 229
1656_0028_0119_0037_0037.jpg 1 28 119 37 37
1657_0029_0055_0142_0142.jpg 1 29 55 142 142
1658_0192_0139_0059_0059.jpg 1 192 139 59 59
1659_0189_0158_0123_0123.jpg 1 189 158 123 123
1660_0046_0180_0029_0029.jpg 1 46 180 29 29
1661_0348_0237_0024_0024.jpg 1 348 237 24 24
1662_0238_0119_0238_0238.jpg 1 238 119 238 238
1663_0131_0079_0099_0099.jpg 1 131 79 99 99
1664_0117_0194_0179_0179.jpg 1 117 194 179 179
1665_0221_0069_0282_0282.jpg 1 221 69 282 282
1666_0075_0382_0053_0053.jpg 1 75 382 53 53
1667_0175_0018_0277_0277.jpg 1 175 18 277 277
1668_0088_0033_0047_0047.jpg 1 88 33 47 47
1669_0080_0098_0109_0109.jpg 1 80 98 109 109
1670_0054_0040_0087_0087.jpg 1 54 40 87 87
1671_0119_0021_0050_0050.jpg 1 119 21 50 50
1672_0471_0121_0072_0072.jpg 1 471 121 72 72
1673_0282_0268_0079_0079.jpg 1 282 268 79 79
1674_0120_0022_0067_0067.jpg 1 120 22 67 67
1675_0194_0097_0061_0061.jpg 1 194 97 61 61
1676_0138_0303_0282_0282.jpg 1 138 303 282 282
1677_0095_0110_0159_0159.jpg 1 95 110 159 159
1678_0307_0170_0115_0115.jpg 1 307 170 115 115
1679_0231_0091_0327_0327.jpg 1 231 91 327 327
1680_0201_0137_0036_0036.jpg 1 201 137 36 36
1681_0100_0245_0077_0077.jpg 1 100 245 77 77
1682_0332_0100_0033_0033.jpg 1 332 100 33 33
1683_0075_0267_0333_0333.jpg 1 75 267 333 333
1684_0060_0035_0078_0078.jpg 1 60 35 78 78
1685_0119_0152_0050_0050.jpg 1 119 152 50 50
1686_0069_0093_0070_0070.jpg 1 69 93 70 70
1687_0214_0066_0292_0292.jpg 1 214 66 292 292
1688_0152_0091_0335_0335.jpg 1 152 91 335 335
1689_0074_0151_0212_0212.jpg 1 74 151 212 212
1690_0021_0063_0149_0149.jpg 1 21 63 149 149
1691_0116_0066_0073_0073.jpg 1 116 66 73 73
1692_0092_0056_0274_0274.jpg 1 92 56 274 274
1693_0022_0048_0076_0076.jpg 1 22 48 76 76
1694_0400_0225_0136_0136.jpg 1 400 225 136 136
1695_0131_0104_0080_0080.jpg 1 131 104 80 80
1696_0154_0084_0073_0073.jpg 1 154 84 73 73
1697_0149_0023_0108_0108.jpg 1 149 23 108 108
1698_0082_0057_0156_0156.jpg 1 82 57 156 156
1699_0246_0090_0303_0303.jpg 1 246 90 303 303
1700_0149_0194_0196_0196.jpg 1 149 194 196 196
1701_0347_0179_0214_0214.jpg 1 347 179 214 214
1702_0073_0169_0035_0035.jpg 1 73 169 35 35
1703_0098_0074_0063_0063.jpg 1 98 74 63 63
1704_0033_0035_0159_0159.jpg 1 33 35 159 159
1705_0130_0182_0058_0058.jpg 1 130 182 58 58
1706_0336_0043_0101_0101.jpg 1 336 43 101 101
1707_0210_0097_0241_0241.jpg 1 210 97 241 241
1708_0357_0127_0237_0237.jpg 1 357 127 237 237
1709_0021_0011_0125_0125.jpg 1 21 11 125 125
1710_0058_0053_0130_0130.jpg 1 58 53 130 130
1711_0023_0059_0067_0067.jpg 1 23 59 67 67
1712_0027_0062_0049_0049.jpg 1 27 62 49 49
1713_0162_0022_0137_0137.jpg 1 162 22 137 137
1714_0057_0093_0111_0111.jpg 1 57 93 111 111
1715_0185_0029_0049_0049.jpg 1 185 29 49 49
1716_0185_0109_0075_0075.jpg 1 185 109 75 75
1717_0441_0196_0128_0128.jpg 1 441 196 128 128
1718_0384_0111_0038_0038.jpg 1 384 111 38 38
1719_0083_0076_0111_0111.jpg 1 83 76 111 111
1720_0280_0235_0196_0196.jpg 1 280 235 196 196
1721_0013_0024_0125_0125.jpg 1 13 24 125 125
1722_0122_0136_0037_0037.jpg 1 122 136 37 37
1723_0055_0066_0129_0129.jpg 1 55 66 129 129
1724_0088_0094_0331_0331.jpg 1 88 94 331 331
1725_0104_0058_0097_0097.jpg 1 104 58 97 97
1726_0086_0047_0223_0223.jpg 1 86 47 223 223
1727_0083_0234_0024_0024.jpg 1 83 234 24 24
1728_0040_0015_0104_0104.jpg 1 40 15 104 104
1729_0126_0070_0082_0082.jpg 1 126 70 82 82
1730_0048_0104_0043_0043.jpg 1 48 104 43 43
1731_0258_0219_0122_0122.jpg 1 258 219 122 122
1732_0131_0044_0128_0128.jpg 1 131 44 128 128
1733_0050_0129_0087_0087.jpg 1 50 129 87 87
1734_0101_0180_0274_0274.jpg 1 101 180 274 274
1735_0013_0121_0079_0079.jpg 1 13 121 79 79
1736_0058_0173_0042_0042.jpg 1 58 173 42 42
1737_0303_0060_0033_0033.jpg 1 303 60 33 33
1738_0072_0043_0054_0054.jpg 1 72 43 54 54
1739_0362_0231_0127_0127.jpg 1 362 231 127 127
1740_0046_0012_0135_0135.jpg 1 46 12 135 135
1741_0206_0056_0036_0036.jpg 1 206 56 36 36
1742_0380_0335_0071_0071.jpg 1 380 335 71 71
1743_0060_0066_0158_0158.jpg 1 60 66 158 158
1744_0153_0049_0027_0027.jpg 1 153 49 27 27
1745_0040_0034_0059_0059.jpg 1 40 34 59 59
1746_0119_0063_0060_0060.jpg 1 119 63 60 60
1747_0133_0229_0213_0213.jpg 1 133 229 213 213
1748_0150_0066_0109_0109.jpg 1 150 66 109 109
1749_0260_0475_0076_0076.jpg 1 260 475 76 76
1750_0034_0028_0118_0118.jpg 1 34 28 118 118
1751_0273_0118_0131_0131.jpg 1 273 118 131 131
1752_0040_0068_0108_0108.jpg 1 40 68 108 108
1753_0043_0039_0153_0153.jpg 1 43 39 153 153
1754_0088_0136_0183_0183.jpg 1 88 136 183 183
1755_0169_0213_0203_0203.jpg 1 169 213 203 203
1756_0154_0136_0077_0077.jpg 1 154 136 77 77
1757_0276_0018_0320_0320.jpg 1 276 18 320 320
1758_0178_0066_0103_0103.jpg 1 178 66 103 103
1759_0029_0081_0135_0135.jpg 1 29 81 135 135
1760_0271_0113_0285_0285.jpg 1 271 113 285 285
1761_0290_0036_0293_0293.jpg 1 290 36 293 293
1762_0053_0016_0161_0161.jpg 1 53 16 161 161
1763_0255_0089_0231_0231.jpg 1 255 89 231 231
1764_0114_0108_0291_0291.jpg 1 114 108 291 291
1765_0045_0129_0072_0072.jpg 1 45 129 72 72
1766_0205_0117_0124_0124.jpg 1 205 117 124 124
1767_0102_0054_0105_0105.jpg 1 102 54 105 105
1768_0177_0100_0327_0327.jpg 1 177 100 327 327
1769_0343_0318_0066_0066.jpg 1 343 318 66 66
1770_0023_0016_0125_0125.jpg 1 23 16 125 125
1771_0506_0210_0048_0048.jpg 1 506 210 48 48
1772_0045_0056_0160_0160.jpg 1 45 56 160 160
1773_0060_0052_0051_0051.jpg 1 60 52 51 51
1774_0291_0093_0123_0123.jpg 1 291 93 123 123
1775_0284_0299_0107_0107.jpg 1 284 299 107 107
1776_0367_0317_0051_0051.jpg 1 367 317 51 51
1777_0078_0036_0054_0054.jpg 1 78 36 54 54
1778_0023_0049_0154_0154.jpg 1 23 49 154 154
1779_0141_0171_0232_0232.jpg 1 141 171 232 232
1780_0018_0094_0073_0073.jpg 1 18 94 73 73
1781_0104_0098_0078_0078.jpg 1 104 98 78 78
1782_0114_0223_0224_0224.jpg 1 114 223 224 224
1783_0075_0116_0041_0041.jpg 1 75 116 41 41
1784_0309_0092_0258_0258.jpg 1 309 92 258 258
1785_0024_0046_0304_0304.jpg 1 24 46 304 304
1786_0028_0097_0078_0078.jpg 1 28 97 78 78
1787_0118_0113_0082_0082.jpg 1 118 113 82 82
1788_0073_0059_0092_0092.jpg 1 73 59 92 92
1789_0268_0186_0173_0173.jpg 1 268 186 173 173
1790_0292_0144_0153_0153.jpg 1 292 144 153 153
1791_0111_0147_0075_0075.jpg 1 111 147 75 75
1792_0028_0072_0152_0152.jpg 1 28 72 152 152
1793_0064_0086_0073_0073.jpg 1 64 86 73 73
1794_0065_0060_0118_0118.jpg 1 65 60 118 118
1795_0090_0089_0091_0091.jpg 1 90 89 91 91
1796_0179_0070_0319_0319.jpg 1 179 70 319 319
1797_0275_0099_0269_0269.jpg 1 275 99 269 269
1798_0307_0149_0278_0278.jpg 1 307 149 278 278
1799_0047_0016_0166_0166.jpg 1 47 16 166 166
1800_0312_0092_0258_0258.jpg 1 312 92 258 258
1801_0016_0042_0074_0074.jpg 1 16 42 74 74
1802_0209_0289_0078_0078.jpg 1 209 289 78 78
1803_0211_0094_0177_0177.jpg 1 211 94 177 177
1804_0242_0099_0276_0276.jpg 1 242 99 276 276
1805_0202_0064_0047_0047.jpg 1 202 64 47 47
1806_0056_0176_0132_0132.jpg 1 56 176 132 132
1807_0171_0143_0056_0056.jpg 1 171 143 56 56
1808_0400_0222_0137_0137.jpg 1 400 222 137 137
1809_0164_0044_0289_0289.jpg 1 164 44 289 289
1810_0453_0248_0091_0091.jpg 1 453 248 91 91
1811_0157_0069_0077_0077.jpg 1 157 69 77 77
1812_0050_0015_0119_0119.jpg 1 50 15 119 119
1813_0267_0331_0053_0053.jpg 1 267 331 53 53
1814_0298_0146_0033_0033.jpg 1 298 146 33 33
1815_0390_0131_0112_0112.jpg 1 390 131 112 112
1816_0439_0152_0128_0128.jpg 1 439 152 128 128
1817_0175_0517_0032_0032.jpg 1 175 517 32 32
1818_0079_0123_0031_0031.jpg 1 79 123 31 31
1819_0233_0086_0188_0188.jpg 1 233 86 188 188
1820_0081_0053_0121_0121.jpg 1 81 53 121 121
1821_0027_0155_0062_0062.jpg 1 27 155 62 62
1822_0080_0040_0057_0057.jpg 1 80 40 57 57
1823_0038_0113_0044_0044.jpg 1 38 113 44 44
1824_0107_0214_0128_0128.jpg 1 107 214 128 128
1825_0090_0018_0127_0127.jpg 1 90 18 127 127
1826_0458_0114_0078_0078.jpg 1 458 114 78 78
1827_0019_0065_0032_0032.jpg 1 19 65 32 32
1828_0223_0190_0075_0075.jpg 1 223 190 75 75
1829_0310_0221_0144_0144.jpg 1 310 221 144 144
1830_0266_0171_0273_0273.jpg 1 266 171 273 273
1831_0101_0188_0099_0099.jpg 1 101 188 99 99
1832_0196_0148_0044_0044.jpg 1 196 148 44 44
1833_0015_0086_0080_0080.jpg 1 15 86 80 80
1834_0047_0050_0063_0063.jpg 1 47 50 63 63
1835_0132_0075_0091_0091.jpg 1 132 75 91 91
1836_0127_0123_0057_0057.jpg 1 127 123 57 57
1837_0345_0084_0222_0222.jpg 1 345 84 222 222
1838_0299_0343_0071_0071.jpg 1 299 343 71 71
1839_0041_0085_0094_0094.jpg 1 41 85 94 94
1840_0108_0302_0296_0296.jpg 1 108 302 296 296
1841_0109_0099_0098_0098.jpg 1 109 99 98 98
1842_0348_0107_0117_0117.jpg 1 348 107 117 117
1843_0136_0086_0073_0073.jpg 1 136 86 73 73
1844_0102_0020_0105_0105.jpg 1 102 20 105 105
1845_0321_0093_0210_0210.jpg 1 321 93 210 210
1846_0089_0054_0129_0129.jpg 1 89 54 129 129
1847_0205_0037_0195_0195.jpg 1 205 37 195 195
1848_0190_0028_0069_0069.jpg 1 190 28 69 69
1849_0075_0120_0096_0096.jpg 1 75 120 96 96
1850_0128_0044_0285_0285.jpg 1 128 44 285 285
1851_0049_0221_0145_0145.jpg 1 49 221 145 145
1852_0083_0030_0100_0100.jpg 1 83 30 100 100
1853_0159_0090_0030_0030.jpg 1 159 90 30 30
1854_0154_0110_0084_0084.jpg 1 154 110 84 84
1855_0038_0063_0096_0096.jpg 1 38 63 96 96
1856_0030_0134_0257_0257.jpg 1 30 134 257 257
1857_0168_0069_0288_0288.jpg 1 168 69 288 288
1858_0184_0065_0124_0124.jpg 1 184 65 124 124
1859_0351_0105_0213_0213.jpg 1 351 105 213 213
1860_0327_0208_0072_0072.jpg 1 327 208 72 72
1861_0211_0123_0214_0214.jpg 1 211 123 214 214
1862_0187_0146_0279_0279.jpg 1 187 146 279 279
1863_0084_0016_0154_0154.jpg 1 84 16 154 154
1864_0175_0023_0102_0102.jpg 1 175 23 102 102
1865_0060_0084_0237_0237.jpg 1 60 84 237 237
1866_0210_0380_0024_0024.jpg 1 210 380 24 24
1867_0062_0063_0109_0109.jpg 1 62 63 109 109
1868_0126_0389_0035_0035.jpg 1 126 389 35 35
1869_0352_0368_0077_0077.jpg 1 352 368 77 77
1870_0237_0268_0041_0041.jpg 1 237 268 41 41
1871_0019_0028_0135_0135.jpg 1 19 28 135 135
1872_0129_0024_0144_0144.jpg 1 129 24 144 144
1873_0099_0051_0150_0150.jpg 1 99 51 150 150
1874_0054_0148_0074_0074.jpg 1 54 148 74 74
1875_0231_0142_0121_0121.jpg 1 231 142 121 121
1876_0109_0061_0025_0025.jpg 1 109 61 25 25
1877_0175_0256_0089_0089.jpg 1 175 256 89 89
1878_0366_0230_0103_0103.jpg 1 366 230 103 103
1879_0292_0215_0138_0138.jpg 1 292 215 138 138
1880_0163_0192_0232_0232.jpg 1 163 192 232 232
1881_0150_0109_0035_0035.jpg 1 150 109 35 35
1882_0084_0153_0060_0060.jpg 1 84 153 60 60
1883_0090_0020_0036_0036.jpg 1 90 20 36 36
1884_0324_0192_0164_0164.jpg 1 324 192 164 164
1885_0159_0152_0295_0295.jpg 1 159 152 295 295
1886_0161_0066_0100_0100.jpg 1 161 66 100 100
1887_0286_0109_0213_0213.jpg 1 286 109 213 213
1888_0241_0137_0100_0100.jpg 1 241 137 100 100
1889_0159_0079_0062_0062.jpg 1 159 79 62 62
1890_0147_0076_0167_0167.jpg 1 147 76 167 167
1891_0168_0100_0059_0059.jpg 1 168 100 59 59
1892_0085_0050_0132_0132.jpg 1 85 50 132 132
1893_0087_0133_0053_0053.jpg 1 87 133 53 53
1894_0139_0123_0318_0318.jpg 1 139 123 318 318
1895_0367_0134_0157_0157.jpg 1 367 134 157 157
1896_0304_0107_0165_0165.jpg 1 304 107 165 165
1897_0051_0092_0112_0112.jpg 1 51 92 112 112
1898_0248_0237_0157_0157.jpg 1 248 237 157 157
1899_0100_0087_0325_0325.jpg 1 100 87 325 325
1900_0040_0054_0052_0052.jpg 1 40 54 52 52
1901_0371_0248_0047_0047.jpg 1 371 248 47 47
1902_0041_0106_0226_0226.jpg 1 41 106 226 226
1903_0129_0158_0075_0075.jpg 1 129 158 75 75
1904_0103_0109_0024_0024.jpg 1 103 109 24 24
1905_0295_0292_0149_0149.jpg 1 295 292 149 149
1906_0028_0060_0166_0166.jpg 1 28 60 166 166
1907_0095_0036_0060_0060.jpg 1 95 36 60 60
1908_0192_0132_0050_0050.jpg 1 192 132 50 50
1909_0431_0060_0026_0026.jpg 1 431 60 26 26
1910_0223_0110_0268_0268.jpg 1 223 110 268 268
1911_0137_0138_0036_0036.jpg 1 137 138 36 36
1912_0025_0061_0136_0136.jpg 1 25 61 136 136
1913_0141_0225_0212_0212.jpg 1 141 225 212 212
1914_0117_0247_0149_0149.jpg 1 117 247 149 149
1915_0080_0077_0044_0044.jpg 1 80 77 44 44
1916_0055_0072_0031_0031.jpg 1 55 72 31 31
1917_0076_0079_0234_0234.jpg 1 76 79 234 234
1918_0135_0099_0129_0129.jpg 1 135 99 129 129
1919_0427_0065_0127_0127.jpg 1 427 65 127 127
1920_0046_0020_0036_0036.jpg 1 46 20 36 36
1921_0119_0179_0110_0110.jpg 1 119 179 110 110
1922_0231_0111_0052_0052.jpg 1 231 111 52 52
1923_0169_0058_0301_0301.jpg 1 169 58 301 301
1924_0294_0279_0025_0025.jpg 1 294 279 25 25
1925_0124_0092_0025_0025.jpg 1 124 92 25 25
1926_0278_0172_0157_0157.jpg 1 278 172 157 157
1927_0038_0118_0314_0314.jpg 1 38 118 314 314
1928_0068_0027_0090_0090.jpg 1 68 27 90 90
1929_0100_0103_0076_0076.jpg 1 100 103 76 76
1930_0090_0056_0129_0129.jpg 1 90 56 129 129
1931_0360_0205_0082_0082.jpg 1 360 205 82 82
1932_0054_0055_0145_0145.jpg 1 54 55 145 145
1933_0041_0069_0068_0068.jpg 1 41 69 68 68
1934_0060_0044_0102_0102.jpg 1 60 44 102 102
1935_0315_0202_0136_0136.jpg 1 315 202 136 136
1936_0323_0225_0107_0107.jpg 1 323 225 107 107
1937_0060_0119_0033_0033.jpg 1 60 119 33 33
1938_0150_0047_0035_0035.jpg 1 150 47 35 35
1939_0114_0033_0294_0294.jpg 1 114 33 294 294
1940_0095_0111_0262_0262.jpg 1 95 111 262 262
1941_0044_0296_0294_0294.jpg 1 44 296 294 294
1942_0278_0189_0265_0265.jpg 1 278 189 265 265
1943_0014_0090_0100_0100.jpg 1 14 90 100 100
1944_0091_0051_0117_0117.jpg 1 91 51 117 117
1945_0104_0083_0110_0110.jpg 1 104 83 110 110
1946_0037_0431_0140_0140.jpg 1 37 431 140 140
1947_0124_0118_0223_0223.jpg 1 124 118 223 223
1948_0054_0164_0047_0047.jpg 1 54 164 47 47
1949_0082_0080_0227_0227.jpg 1 82 80 227 227
1950_0151_0134_0048_0048.jpg 1 151 134 48 48
